#
# There is insufficient memory for the Java Runtime Environment to continue.
# Native memory allocation (mmap) failed to map 65536 bytes for Failed to commit metaspace.
# Possible reasons:
#   The system is out of physical RAM or swap space
#   The process is running with CompressedOops enabled, and the Java Heap may be blocking the growth of the native heap
# Possible solutions:
#   Reduce memory load on the system
#   Increase physical memory or swap space
#   Check if swap backing store is full
#   Decrease Java heap size (-Xmx/-Xms)
#   Decrease number of Java threads
#   Decrease Java thread stack sizes (-Xss)
#   Set larger code cache with -XX:ReservedCodeCacheSize=
#   JVM is running with Unscaled Compressed Oops mode in which the Java heap is
#     placed in the first 4GB address space. The Java Heap base address is the
#     maximum limit for the native heap growth. Please use -XX:HeapBaseMinAddress
#     to set the Java Heap base and to place the Java Heap above 4GB virtual address.
# This output file may be truncated or incomplete.
#
#  Out of Memory Error (virtualSpaceNode.cpp:110), pid=42468, tid=36180
#
# JRE version: OpenJDK Runtime Environment Temurin-17.0.8.1+1 (17.0.8.1+1) (build 17.0.8.1+1)
# Java VM: OpenJDK 64-Bit Server VM Temurin-17.0.8.1+1 (17.0.8.1+1, mixed mode, tiered, compressed oops, compressed class ptrs, parallel gc, windows-amd64)
# No core dump will be written. Minidumps are not enabled by default on client versions of Windows
#

---------------  S U M M A R Y ------------

Command Line: --add-modules=ALL-SYSTEM --add-opens=java.base/java.util=ALL-UNNAMED --add-opens=java.base/java.lang=ALL-UNNAMED --add-opens=java.base/sun.nio.fs=ALL-UNNAMED -Declipse.application=org.eclipse.jdt.ls.core.id1 -Dosgi.bundles.defaultStartLevel=4 -Declipse.product=org.eclipse.jdt.ls.core.product -Djava.import.generatesMetadataFilesAtProjectRoot=false -DDetectVMInstallationsJob.disabled=true -Dfile.encoding=utf8 -XX:+UseParallelGC -XX:GCTimeRatio=4 -XX:AdaptiveSizePolicyWeight=90 -Dsun.zip.disableMemoryMapping=true -Xmx1G -Xms100m -Xlog:disable -javaagent:c:\Users\srbec\.vscode\extensions\redhat.java-1.23.0-win32-x64\lombok\lombok-1.18.30.jar -XX:+HeapDumpOnOutOfMemoryError -XX:HeapDumpPath=c:\Users\srbec\AppData\Roaming\Code\User\workspaceStorage\d1599a90f0b4e815a88c1fa30ab3333f\redhat.java -Daether.dependencyCollector.impl=bf c:\Users\srbec\.vscode\extensions\redhat.java-1.23.0-win32-x64\server\plugins\org.eclipse.equinox.launcher_1.6.500.v20230717-2134.jar -configuration c:\Users\srbec\AppData\Roaming\Code\User\globalStorage\redhat.java\1.23.0\config_win -data c:\Users\srbec\AppData\Roaming\Code\User\workspaceStorage\d1599a90f0b4e815a88c1fa30ab3333f\redhat.java\jdt_ws

Host: 11th Gen Intel(R) Core(TM) i3-1115G4 @ 3.00GHz, 4 cores, 3G,  Windows 11 , 64 bit Build 22621 (10.0.22621.2428)
Time: Fri Oct 13 12:34:43 2023 Hora Padrão de Buenos Aires elapsed time: 111.633612 seconds (0d 0h 1m 51s)

---------------  T H R E A D  ---------------

Current thread (0x00000185766aea60):  JavaThread "ForkJoinPool.commonPool-worker-4" daemon [_thread_in_vm, id=36180, stack(0x00000004f6100000,0x00000004f6200000)]

Stack: [0x00000004f6100000,0x00000004f6200000]
Native frames: (J=compiled Java code, j=interpreted, Vv=VM code, C=native code)
V  [jvm.dll+0x678b0a]
V  [jvm.dll+0x835e84]
V  [jvm.dll+0x83762e]
V  [jvm.dll+0x837c93]
V  [jvm.dll+0x24746f]
V  [jvm.dll+0x831f1b]
V  [jvm.dll+0x61d3c6]
V  [jvm.dll+0x1c1aae]
V  [jvm.dll+0x61fd21]
V  [jvm.dll+0x61dd66]
V  [jvm.dll+0x244dbc]
V  [jvm.dll+0x6cf82d]
V  [jvm.dll+0x6d025f]
V  [jvm.dll+0x3729d3]
V  [jvm.dll+0x371a74]
V  [jvm.dll+0x371a18]
V  [jvm.dll+0x38193a]
C  0x000001856665ae05

Java frames: (J=compiled Java code, j=interpreted, Vv=VM code)
j  org.eclipse.jdt.internal.compiler.flow.FlowInfo.conditional(Lorg/eclipse/jdt/internal/compiler/flow/FlowInfo;Lorg/eclipse/jdt/internal/compiler/flow/FlowInfo;)Lorg/eclipse/jdt/internal/compiler/flow/FlowInfo;+7
j  org.eclipse.jdt.internal.compiler.ast.EqualExpression.analyseCode(Lorg/eclipse/jdt/internal/compiler/lookup/BlockScope;Lorg/eclipse/jdt/internal/compiler/flow/FlowContext;Lorg/eclipse/jdt/internal/compiler/flow/FlowInfo;)Lorg/eclipse/jdt/internal/compiler/flow/FlowInfo;+429
j  org.eclipse.jdt.internal.compiler.ast.IfStatement.analyseCode(Lorg/eclipse/jdt/internal/compiler/lookup/BlockScope;Lorg/eclipse/jdt/internal/compiler/flow/FlowContext;Lorg/eclipse/jdt/internal/compiler/flow/FlowInfo;)Lorg/eclipse/jdt/internal/compiler/flow/FlowInfo;+7
j  org.eclipse.jdt.internal.compiler.ast.MethodDeclaration.analyseCode(Lorg/eclipse/jdt/internal/compiler/lookup/ClassScope;Lorg/eclipse/jdt/internal/compiler/flow/FlowContext;Lorg/eclipse/jdt/internal/compiler/flow/FlowInfo;)V+542
j  org.eclipse.jdt.internal.compiler.ast.TypeDeclaration.internalAnalyseCode(Lorg/eclipse/jdt/internal/compiler/flow/FlowContext;Lorg/eclipse/jdt/internal/compiler/flow/FlowInfo;)V+839
j  org.eclipse.jdt.internal.compiler.ast.TypeDeclaration.analyseCode(Lorg/eclipse/jdt/internal/compiler/lookup/CompilationUnitScope;)V+17
j  org.eclipse.jdt.internal.compiler.ast.CompilationUnitDeclaration.analyseCode()V+36
j  org.eclipse.jdt.core.dom.CompilationUnitResolver.resolve(Lorg/eclipse/jdt/internal/compiler/ast/CompilationUnitDeclaration;Lorg/eclipse/jdt/internal/compiler/env/ICompilationUnit;Lorg/eclipse/jdt/core/dom/NodeSearcher;ZZZ)Lorg/eclipse/jdt/internal/compiler/ast/CompilationUnitDeclaration;+384
j  org.eclipse.jdt.core.dom.CompilationUnitResolver.resolve(Lorg/eclipse/jdt/internal/compiler/env/ICompilationUnit;Lorg/eclipse/jdt/core/IJavaProject;Ljava/util/List;Lorg/eclipse/jdt/core/dom/NodeSearcher;Ljava/util/Map;Lorg/eclipse/jdt/core/WorkingCopyOwner;ILorg/eclipse/core/runtime/IProgressMonitor;)Lorg/eclipse/jdt/internal/compiler/ast/CompilationUnitDeclaration;+176
j  org.eclipse.jdt.core.dom.ASTParser.internalCreateAST(Lorg/eclipse/core/runtime/IProgressMonitor;)Lorg/eclipse/jdt/core/dom/ASTNode;+938
j  org.eclipse.jdt.core.dom.ASTParser.createAST(Lorg/eclipse/core/runtime/IProgressMonitor;)Lorg/eclipse/jdt/core/dom/ASTNode;+39
j  org.eclipse.jdt.core.manipulation.CoreASTProvider$1.run()V+62
j  org.eclipse.core.runtime.SafeRunner.run(Lorg/eclipse/core/runtime/ISafeRunnable;)V+5
j  org.eclipse.jdt.core.manipulation.CoreASTProvider.createAST(Lorg/eclipse/jdt/core/ITypeRoot;Lorg/eclipse/core/runtime/IProgressMonitor;)Lorg/eclipse/jdt/core/dom/CompilationUnit;+82
j  org.eclipse.jdt.core.manipulation.CoreASTProvider.getAST(Lorg/eclipse/jdt/core/ITypeRoot;Lorg/eclipse/jdt/core/manipulation/CoreASTProvider$WAIT_FLAG;Lorg/eclipse/core/runtime/IProgressMonitor;)Lorg/eclipse/jdt/core/dom/CompilationUnit;+407
j  org.eclipse.jdt.ls.core.internal.handlers.InlayHintsHandler.inlayHint(Lorg/eclipse/lsp4j/InlayHintParams;Lorg/eclipse/core/runtime/IProgressMonitor;)Ljava/util/List;+61
j  org.eclipse.jdt.ls.core.internal.handlers.JDTLanguageServer.lambda$54(Lorg/eclipse/lsp4j/InlayHintParams;Lorg/eclipse/core/runtime/IProgressMonitor;)Ljava/util/List;+13
j  org.eclipse.jdt.ls.core.internal.handlers.JDTLanguageServer$$Lambda$441+0x0000000100774240.apply(Ljava/lang/Object;)Ljava/lang/Object;+12
j  org.eclipse.jdt.ls.core.internal.BaseJDTLanguageServer.lambda$0(Ljava/util/function/Function;Lorg/eclipse/lsp4j/jsonrpc/CancelChecker;)Ljava/lang/Object;+6
j  org.eclipse.jdt.ls.core.internal.BaseJDTLanguageServer$$Lambda$424+0x00000001006c7c38.apply(Ljava/lang/Object;)Ljava/lang/Object;+12
j  java.util.concurrent.CompletableFuture$UniApply.tryFire(I)Ljava/util/concurrent/CompletableFuture;+106 java.base@17.0.8.1
j  java.util.concurrent.CompletableFuture$Completion.exec()Z+2 java.base@17.0.8.1
j  java.util.concurrent.ForkJoinTask.doExec()I+10 java.base@17.0.8.1
j  java.util.concurrent.ForkJoinPool$WorkQueue.topLevelExec(Ljava/util/concurrent/ForkJoinTask;Ljava/util/concurrent/ForkJoinPool$WorkQueue;)V+13 java.base@17.0.8.1
J 10324 c1 java.util.concurrent.ForkJoinPool.scan(Ljava/util/concurrent/ForkJoinPool$WorkQueue;II)I java.base@17.0.8.1 (235 bytes) @ 0x000001855fdfe264 [0x000001855fdfd580+0x0000000000000ce4]
j  java.util.concurrent.ForkJoinPool.runWorker(Ljava/util/concurrent/ForkJoinPool$WorkQueue;)V+53 java.base@17.0.8.1
j  java.util.concurrent.ForkJoinWorkerThread.run()V+31 java.base@17.0.8.1
v  ~StubRoutines::call_stub

---------------  P R O C E S S  ---------------

Threads class SMR info:
_java_thread_list=0x000001857736cd90, length=29, elements={
0x000001855c49a530, 0x000001855c549eb0, 0x000001855c54c2b0, 0x00000185702e9340,
0x00000185702e9d10, 0x00000185702ea7e0, 0x00000185702eb2b0, 0x00000185702edfc0,
0x000001857548c870, 0x00000185754a1530, 0x0000018575539390, 0x000001857571ea40,
0x0000018575a2f580, 0x0000018575a32820, 0x0000018575a2ffa0, 0x0000018575a2f070,
0x0000018575a2fa90, 0x0000018575a30ed0, 0x0000018575a318f0, 0x0000018575a31e00,
0x00000185766a9450, 0x00000185766a8520, 0x00000185766ab7c0, 0x00000185766ae550,
0x00000185766abcd0, 0x00000185766aef70, 0x00000185766a8f40, 0x00000185766aea60,
0x00000185766acc00
}

Java Threads: ( => current thread )
  0x000001855c49a530 JavaThread "main" [_thread_blocked, id=35144, stack(0x00000004f6400000,0x00000004f6500000)]
  0x000001855c549eb0 JavaThread "Reference Handler" daemon [_thread_blocked, id=33984, stack(0x00000004f6700000,0x00000004f6800000)]
  0x000001855c54c2b0 JavaThread "Finalizer" daemon [_thread_blocked, id=35224, stack(0x00000004f6800000,0x00000004f6900000)]
  0x00000185702e9340 JavaThread "Signal Dispatcher" daemon [_thread_blocked, id=35184, stack(0x00000004f6900000,0x00000004f6a00000)]
  0x00000185702e9d10 JavaThread "Attach Listener" daemon [_thread_blocked, id=13192, stack(0x00000004f6a00000,0x00000004f6b00000)]
  0x00000185702ea7e0 JavaThread "Service Thread" daemon [_thread_blocked, id=31184, stack(0x00000004f6b00000,0x00000004f6c00000)]
  0x00000185702eb2b0 JavaThread "Monitor Deflation Thread" daemon [_thread_blocked, id=20504, stack(0x00000004f6c00000,0x00000004f6d00000)]
  0x00000185702edfc0 JavaThread "C2 CompilerThread0" daemon [_thread_in_native, id=39940, stack(0x00000004f6d00000,0x00000004f6e00000)]
  0x000001857548c870 JavaThread "C1 CompilerThread0" daemon [_thread_in_vm, id=10472, stack(0x00000004f6e00000,0x00000004f6f00000)]
  0x00000185754a1530 JavaThread "Sweeper thread" daemon [_thread_blocked, id=18748, stack(0x00000004f6f00000,0x00000004f7000000)]
  0x0000018575539390 JavaThread "Common-Cleaner" daemon [_thread_blocked, id=15232, stack(0x00000004f7000000,0x00000004f7100000)]
  0x000001857571ea40 JavaThread "Notification Thread" daemon [_thread_blocked, id=22580, stack(0x00000004f7100000,0x00000004f7200000)]
  0x0000018575a2f580 JavaThread "Active Thread: Equinox Container: e7c75984-e21e-4ca6-8c1d-2334e891ef00" [_thread_blocked, id=41748, stack(0x00000004f7600000,0x00000004f7700000)]
  0x0000018575a32820 JavaThread "Framework Event Dispatcher: Equinox Container: e7c75984-e21e-4ca6-8c1d-2334e891ef00" daemon [_thread_blocked, id=26752, stack(0x00000004f7700000,0x00000004f7800000)]
  0x0000018575a2ffa0 JavaThread "Start Level: Equinox Container: e7c75984-e21e-4ca6-8c1d-2334e891ef00" daemon [_thread_blocked, id=33892, stack(0x00000004f7800000,0x00000004f7900000)]
  0x0000018575a2f070 JavaThread "Bundle File Closer" daemon [_thread_blocked, id=42796, stack(0x00000004f7900000,0x00000004f7a00000)]
  0x0000018575a2fa90 JavaThread "SCR Component Actor" daemon [_thread_blocked, id=36932, stack(0x00000004f7a00000,0x00000004f7b00000)]
  0x0000018575a30ed0 JavaThread "Worker-JM" [_thread_blocked, id=27328, stack(0x00000004f7c00000,0x00000004f7d00000)]
  0x0000018575a318f0 JavaThread "Worker-1: Shutdown..." [_thread_in_vm, id=34032, stack(0x00000004f7e00000,0x00000004f7f00000)]
  0x0000018575a31e00 JavaThread "Java indexing" daemon [_thread_blocked, id=34592, stack(0x00000004f7f00000,0x00000004f8000000)]
  0x00000185766a9450 JavaThread "JNA Cleaner" daemon [_thread_blocked, id=15672, stack(0x00000004f8000000,0x00000004f8100000)]
  0x00000185766a8520 JavaThread "Worker-2" [_thread_blocked, id=17932, stack(0x00000004f8100000,0x00000004f8200000)]
  0x00000185766ab7c0 JavaThread "pool-2-thread-1" [_thread_blocked, id=19900, stack(0x00000004f8200000,0x00000004f8300000)]
  0x00000185766ae550 JavaThread "WorkspaceEventsHandler" [_thread_blocked, id=12680, stack(0x00000004f8300000,0x00000004f8400000)]
  0x00000185766abcd0 JavaThread "pool-1-thread-1" [_thread_in_native, id=29716, stack(0x00000004f8400000,0x00000004f8500000)]
  0x00000185766aef70 JavaThread "ForkJoinPool.commonPool-worker-1" daemon [_thread_blocked, id=41976, stack(0x00000004f7b00000,0x00000004f7c00000)]
  0x00000185766a8f40 JavaThread "ForkJoinPool.commonPool-worker-3" daemon [_thread_blocked, id=42084, stack(0x00000004f8800000,0x00000004f8900000)]
=>0x00000185766aea60 JavaThread "ForkJoinPool.commonPool-worker-4" daemon [_thread_in_vm, id=36180, stack(0x00000004f6100000,0x00000004f6200000)]
  0x00000185766acc00 JavaThread "Worker-4: Building" [_thread_in_vm, id=42076, stack(0x00000004f6200000,0x00000004f6300000)]

Other Threads:
  0x000001855c549980 VMThread "VM Thread" [stack: 0x00000004f6600000,0x00000004f6700000] [id=35364]
  0x000001857571ef20 WatcherThread [stack: 0x00000004f7200000,0x00000004f7300000] [id=34204]
  0x000001855c4af1d0 GCTaskThread "GC Thread#0" [stack: 0x00000004f6500000,0x00000004f6600000] [id=34824]
  0x0000018575d7f140 GCTaskThread "GC Thread#1" [stack: 0x00000004f7300000,0x00000004f7400000] [id=35452]
  0x0000018575d7f400 GCTaskThread "GC Thread#2" [stack: 0x00000004f7400000,0x00000004f7500000] [id=24664]
  0x0000018575d7f6c0 GCTaskThread "GC Thread#3" [stack: 0x00000004f7500000,0x00000004f7600000] [id=5376]

Threads with active compile tasks:
C2 CompilerThread0   111676 10583       4       org.eclipse.jdt.internal.compiler.classfmt.ModuleInfo::readModuleAttribute (1166 bytes)
C1 CompilerThread0   111676 10618       3       org.eclipse.core.internal.events.ResourceComparator::compare (380 bytes)

VM state: not at safepoint (normal execution)

VM Mutex/Monitor currently owned by a thread:  ([mutex/lock_event])
[0x000001855c4951c0] Metaspace_lock - owner thread: 0x00000185766aea60
[0x000001855c497460] MethodData_lock - owner thread: 0x000001857548c870

Heap address: 0x00000000c0000000, size: 1024 MB, Compressed Oops mode: 32-bit

CDS archive(s) not mapped
Compressed class space mapped at: 0x0000000100000000-0x0000000140000000, reserved size: 1073741824
Narrow klass base: 0x0000000000000000, Narrow klass shift: 3, Narrow klass range: 0x140000000

GC Precious Log:
 CPUs: 4 total, 4 available
 Memory: 3819M
 Large Page Support: Disabled
 NUMA Support: Disabled
 Compressed Oops: Enabled (32-bit)
 Alignments: Space 512K, Generation 512K, Heap 2M
 Heap Min Capacity: 100M
 Heap Initial Capacity: 100M
 Heap Max Capacity: 1G
 Pre-touch: Disabled
 Parallel Workers: 4

Heap:
 PSYoungGen      total 12288K, used 9512K [0x00000000eab00000, 0x00000000ec480000, 0x0000000100000000)
  eden space 10240K, 73% used [0x00000000eab00000,0x00000000eb250df8,0x00000000eb500000)
  from space 2048K, 98% used [0x00000000ec280000,0x00000000ec479430,0x00000000ec480000)
  to   space 3072K, 0% used [0x00000000ebe80000,0x00000000ebe80000,0x00000000ec180000)
 ParOldGen       total 121856K, used 105687K [0x00000000c0000000, 0x00000000c7700000, 0x00000000eab00000)
  object space 121856K, 86% used [0x00000000c0000000,0x00000000c6735c38,0x00000000c7700000)
 Metaspace       used 76553K, committed 77888K, reserved 1179648K
  class space    used 8139K, committed 8768K, reserved 1048576K

Card table byte_map: [0x000001855be30000,0x000001855c040000] _byte_map_base: 0x000001855b830000

Marking Bits: (ParMarkBitMap*) 0x00007ff9b3a383a0
 Begin Bits: [0x000001856e110000, 0x000001856f110000)
 End Bits:   [0x000001856f110000, 0x0000018570110000)

Polling page: 0x000001855a430000

Metaspace:

Usage:
  Non-class:     66.81 MB used.
      Class:      7.95 MB used.
       Both:     74.76 MB used.

Virtual space:
  Non-class space:      128.00 MB reserved,      67.50 MB ( 53%) committed,  2 nodes.
      Class space:        1.00 GB reserved,       8.56 MB ( <1%) committed,  1 nodes.
             Both:        1.12 GB reserved,      76.06 MB (  7%) committed. 

Chunk freelists:
   Non-Class:  12.05 MB
       Class:  7.46 MB
        Both:  19.51 MB

MaxMetaspaceSize: unlimited
CompressedClassSpaceSize: 1.00 GB
Initial GC threshold: 21.00 MB
Current GC threshold: 122.31 MB
CDS: off
MetaspaceReclaimPolicy: balanced
 - commit_granule_bytes: 65536.
 - commit_granule_words: 8192.
 - virtual_space_node_default_size: 8388608.
 - enlarge_chunks_in_place: 1.
 - new_chunks_are_fully_committed: 0.
 - uncommit_free_chunks: 1.
 - use_allocation_guard: 0.
 - handle_deallocations: 1.


Internal statistics:

num_allocs_failed_limit: 9.
num_arena_births: 862.
num_arena_deaths: 18.
num_vsnodes_births: 3.
num_vsnodes_deaths: 0.
num_space_committed: 1217.
num_space_uncommitted: 0.
num_chunks_returned_to_freelist: 28.
num_chunks_taken_from_freelist: 3904.
num_chunk_merges: 13.
num_chunk_splits: 2421.
num_chunks_enlarged: 1378.
num_inconsistent_stats: 0.

CodeHeap 'non-profiled nmethods': size=120000Kb used=5711Kb max_used=5711Kb free=114288Kb
 bounds [0x0000018566be0000, 0x0000018567180000, 0x000001856e110000]
CodeHeap 'profiled nmethods': size=120000Kb used=20057Kb max_used=20057Kb free=99942Kb
 bounds [0x000001855f110000, 0x00000185604b0000, 0x0000018566640000]
CodeHeap 'non-nmethods': size=5760Kb used=1412Kb max_used=1484Kb free=4347Kb
 bounds [0x0000018566640000, 0x00000185668b0000, 0x0000018566be0000]
 total_blobs=9845 nmethods=9094 adapters=663
 compilation: enabled
              stopped_count=0, restarted_count=0
 full_count=0

Compilation events (20 events):
Event: 111.613 Thread 0x000001857548c870 10610       3       org.eclipse.jdt.internal.compiler.lookup.Scope::getTypeOrPackage (1692 bytes)
Event: 111.619 Thread 0x000001857548c870 nmethod 10610 0x0000018560496a90 code [0x0000018560497640, 0x00000185604a0f48]
Event: 111.619 Thread 0x000001857548c870 10614       3       org.eclipse.jdt.internal.compiler.ast.Expression::computeConversion (372 bytes)
Event: 111.621 Thread 0x000001857548c870 nmethod 10614 0x00000185604a3e10 code [0x00000185604a4120, 0x00000185604a5668]
Event: 111.621 Thread 0x000001857548c870 10605       3       org.eclipse.jdt.internal.compiler.ast.CompilationUnitDeclaration::isLambdaExpressionCopyContext (93 bytes)
Event: 111.622 Thread 0x000001857548c870 nmethod 10605 0x00000185604a5c90 code [0x00000185604a5ec0, 0x00000185604a6ae8]
Event: 111.622 Thread 0x000001857548c870 10606       3       org.eclipse.jdt.internal.compiler.lookup.MethodScope::problemReporter (18 bytes)
Event: 111.622 Thread 0x000001857548c870 nmethod 10606 0x00000185604a6d10 code [0x00000185604a6ea0, 0x00000185604a7038]
Event: 111.622 Thread 0x000001857548c870 10612       1       org.eclipse.jdt.internal.compiler.lookup.TypeBinding::isUnboundWildcard (2 bytes)
Event: 111.622 Thread 0x000001857548c870 nmethod 10612 0x0000018567172c90 code [0x0000018567172e20, 0x0000018567172ef8]
Event: 111.622 Thread 0x000001857548c870 10609       3       org.eclipse.jdt.internal.compiler.lookup.SourceTypeBinding::typeVariables (38 bytes)
Event: 111.622 Thread 0x000001857548c870 nmethod 10609 0x00000185604a7190 code [0x00000185604a7360, 0x00000185604a7748]
Event: 111.622 Thread 0x000001857548c870 10613       1       org.eclipse.jdt.internal.compiler.lookup.VariableBinding::constant (5 bytes)
Event: 111.623 Thread 0x000001857548c870 nmethod 10613 0x0000018567172f90 code [0x0000018567173120, 0x00000185671731f8]
Event: 111.623 Thread 0x000001857548c870 10611       1       org.eclipse.jdt.internal.compiler.lookup.SourceTypeBinding::isRecord (5 bytes)
Event: 111.623 Thread 0x000001857548c870 nmethod 10611 0x0000018567173290 code [0x0000018567173420, 0x00000185671734f8]
Event: 111.623 Thread 0x000001857548c870 10608       1       org.eclipse.jdt.internal.compiler.lookup.BaseTypeBinding::kind (4 bytes)
Event: 111.623 Thread 0x000001857548c870 nmethod 10608 0x0000018567173590 code [0x0000018567173720, 0x00000185671737f8]
Event: 111.623 Thread 0x000001857548c870 10615       1       org.eclipse.jdt.internal.compiler.lookup.BinaryTypeBinding::unannotated (5 bytes)
Event: 111.623 Thread 0x000001857548c870 nmethod 10615 0x0000018567173890 code [0x0000018567173a20, 0x0000018567173af8]

GC Heap History (20 events):
Event: 36.022 GC heap before
{Heap before GC invocations=50 (full 4):
 PSYoungGen      total 41472K, used 22016K [0x00000000eab00000, 0x00000000ee680000, 0x0000000100000000)
  eden space 22016K, 100% used [0x00000000eab00000,0x00000000ec080000,0x00000000ec080000)
  from space 19456K, 0% used [0x00000000ed380000,0x00000000ed380000,0x00000000ee680000)
  to   space 19456K, 0% used [0x00000000ec080000,0x00000000ec080000,0x00000000ed380000)
 ParOldGen       total 121856K, used 79469K [0x00000000c0000000, 0x00000000c7700000, 0x00000000eab00000)
  object space 121856K, 65% used [0x00000000c0000000,0x00000000c4d9b500,0x00000000c7700000)
 Metaspace       used 73954K, committed 75200K, reserved 1179648K
  class space    used 7835K, committed 8384K, reserved 1048576K
}
Event: 36.044 GC heap after
{Heap after GC invocations=50 (full 4):
 PSYoungGen      total 33280K, used 11744K [0x00000000eab00000, 0x00000000edb00000, 0x0000000100000000)
  eden space 21504K, 0% used [0x00000000eab00000,0x00000000eab00000,0x00000000ec000000)
  from space 11776K, 99% used [0x00000000ec080000,0x00000000ecbf8000,0x00000000ecc00000)
  to   space 13824K, 0% used [0x00000000ecd80000,0x00000000ecd80000,0x00000000edb00000)
 ParOldGen       total 121856K, used 79469K [0x00000000c0000000, 0x00000000c7700000, 0x00000000eab00000)
  object space 121856K, 65% used [0x00000000c0000000,0x00000000c4d9b500,0x00000000c7700000)
 Metaspace       used 73954K, committed 75200K, reserved 1179648K
  class space    used 7835K, committed 8384K, reserved 1048576K
}
Event: 36.289 GC heap before
{Heap before GC invocations=51 (full 4):
 PSYoungGen      total 33280K, used 33248K [0x00000000eab00000, 0x00000000edb00000, 0x0000000100000000)
  eden space 21504K, 100% used [0x00000000eab00000,0x00000000ec000000,0x00000000ec000000)
  from space 11776K, 99% used [0x00000000ec080000,0x00000000ecbf8000,0x00000000ecc00000)
  to   space 13824K, 0% used [0x00000000ecd80000,0x00000000ecd80000,0x00000000edb00000)
 ParOldGen       total 121856K, used 79469K [0x00000000c0000000, 0x00000000c7700000, 0x00000000eab00000)
  object space 121856K, 65% used [0x00000000c0000000,0x00000000c4d9b500,0x00000000c7700000)
 Metaspace       used 73990K, committed 75200K, reserved 1179648K
  class space    used 7837K, committed 8384K, reserved 1048576K
}
Event: 36.309 GC heap after
{Heap after GC invocations=51 (full 4):
 PSYoungGen      total 24064K, used 13808K [0x00000000eab00000, 0x00000000ef100000, 0x0000000100000000)
  eden space 10240K, 0% used [0x00000000eab00000,0x00000000eab00000,0x00000000eb500000)
  from space 13824K, 99% used [0x00000000ecd80000,0x00000000edafc010,0x00000000edb00000)
  to   space 25088K, 0% used [0x00000000eb500000,0x00000000eb500000,0x00000000ecd80000)
 ParOldGen       total 121856K, used 88677K [0x00000000c0000000, 0x00000000c7700000, 0x00000000eab00000)
  object space 121856K, 72% used [0x00000000c0000000,0x00000000c5699500,0x00000000c7700000)
 Metaspace       used 73990K, committed 75200K, reserved 1179648K
  class space    used 7837K, committed 8384K, reserved 1048576K
}
Event: 37.273 GC heap before
{Heap before GC invocations=52 (full 4):
 PSYoungGen      total 24064K, used 24041K [0x00000000eab00000, 0x00000000ef100000, 0x0000000100000000)
  eden space 10240K, 99% used [0x00000000eab00000,0x00000000eb4fe640,0x00000000eb500000)
  from space 13824K, 99% used [0x00000000ecd80000,0x00000000edafc010,0x00000000edb00000)
  to   space 25088K, 0% used [0x00000000eb500000,0x00000000eb500000,0x00000000ecd80000)
 ParOldGen       total 121856K, used 88677K [0x00000000c0000000, 0x00000000c7700000, 0x00000000eab00000)
  object space 121856K, 72% used [0x00000000c0000000,0x00000000c5699500,0x00000000c7700000)
 Metaspace       used 74576K, committed 75904K, reserved 1179648K
  class space    used 7914K, committed 8512K, reserved 1048576K
}
Event: 37.288 GC heap after
{Heap after GC invocations=52 (full 4):
 PSYoungGen      total 11264K, used 800K [0x00000000eab00000, 0x00000000ece00000, 0x0000000100000000)
  eden space 10240K, 0% used [0x00000000eab00000,0x00000000eab00000,0x00000000eb500000)
  from space 1024K, 78% used [0x00000000eb500000,0x00000000eb5c8000,0x00000000eb600000)
  to   space 9216K, 0% used [0x00000000ec500000,0x00000000ec500000,0x00000000ece00000)
 ParOldGen       total 121856K, used 102517K [0x00000000c0000000, 0x00000000c7700000, 0x00000000eab00000)
  object space 121856K, 84% used [0x00000000c0000000,0x00000000c641d510,0x00000000c7700000)
 Metaspace       used 74576K, committed 75904K, reserved 1179648K
  class space    used 7914K, committed 8512K, reserved 1048576K
}
Event: 38.453 GC heap before
{Heap before GC invocations=53 (full 4):
 PSYoungGen      total 11264K, used 10413K [0x00000000eab00000, 0x00000000ece00000, 0x0000000100000000)
  eden space 10240K, 93% used [0x00000000eab00000,0x00000000eb463568,0x00000000eb500000)
  from space 1024K, 78% used [0x00000000eb500000,0x00000000eb5c8000,0x00000000eb600000)
  to   space 9216K, 0% used [0x00000000ec500000,0x00000000ec500000,0x00000000ece00000)
 ParOldGen       total 121856K, used 102517K [0x00000000c0000000, 0x00000000c7700000, 0x00000000eab00000)
  object space 121856K, 84% used [0x00000000c0000000,0x00000000c641d510,0x00000000c7700000)
 Metaspace       used 74832K, committed 76224K, reserved 1179648K
  class space    used 7946K, committed 8576K, reserved 1048576K
}
Event: 38.455 GC heap after
{Heap after GC invocations=53 (full 4):
 PSYoungGen      total 11264K, used 928K [0x00000000eab00000, 0x00000000ec600000, 0x0000000100000000)
  eden space 10240K, 0% used [0x00000000eab00000,0x00000000eab00000,0x00000000eb500000)
  from space 1024K, 90% used [0x00000000ec500000,0x00000000ec5e8000,0x00000000ec600000)
  to   space 2560K, 0% used [0x00000000ec100000,0x00000000ec100000,0x00000000ec380000)
 ParOldGen       total 121856K, used 102525K [0x00000000c0000000, 0x00000000c7700000, 0x00000000eab00000)
  object space 121856K, 84% used [0x00000000c0000000,0x00000000c641f510,0x00000000c7700000)
 Metaspace       used 74832K, committed 76224K, reserved 1179648K
  class space    used 7946K, committed 8576K, reserved 1048576K
}
Event: 39.671 GC heap before
{Heap before GC invocations=54 (full 4):
 PSYoungGen      total 11264K, used 11167K [0x00000000eab00000, 0x00000000ec600000, 0x0000000100000000)
  eden space 10240K, 99% used [0x00000000eab00000,0x00000000eb4ffcf0,0x00000000eb500000)
  from space 1024K, 90% used [0x00000000ec500000,0x00000000ec5e8000,0x00000000ec600000)
  to   space 2560K, 0% used [0x00000000ec100000,0x00000000ec100000,0x00000000ec380000)
 ParOldGen       total 121856K, used 102525K [0x00000000c0000000, 0x00000000c7700000, 0x00000000eab00000)
  object space 121856K, 84% used [0x00000000c0000000,0x00000000c641f510,0x00000000c7700000)
 Metaspace       used 74942K, committed 76288K, reserved 1179648K
  class space    used 7950K, committed 8576K, reserved 1048576K
}
Event: 39.673 GC heap after
{Heap after GC invocations=54 (full 4):
 PSYoungGen      total 12800K, used 928K [0x00000000eab00000, 0x00000000ec580000, 0x0000000100000000)
  eden space 10240K, 0% used [0x00000000eab00000,0x00000000eab00000,0x00000000eb500000)
  from space 2560K, 36% used [0x00000000ec100000,0x00000000ec1e8000,0x00000000ec380000)
  to   space 1536K, 0% used [0x00000000ec400000,0x00000000ec400000,0x00000000ec580000)
 ParOldGen       total 121856K, used 102533K [0x00000000c0000000, 0x00000000c7700000, 0x00000000eab00000)
  object space 121856K, 84% used [0x00000000c0000000,0x00000000c6421510,0x00000000c7700000)
 Metaspace       used 74942K, committed 76288K, reserved 1179648K
  class space    used 7950K, committed 8576K, reserved 1048576K
}
Event: 40.190 GC heap before
{Heap before GC invocations=55 (full 4):
 PSYoungGen      total 12800K, used 10873K [0x00000000eab00000, 0x00000000ec580000, 0x0000000100000000)
  eden space 10240K, 97% used [0x00000000eab00000,0x00000000eb4b6468,0x00000000eb500000)
  from space 2560K, 36% used [0x00000000ec100000,0x00000000ec1e8000,0x00000000ec380000)
  to   space 1536K, 0% used [0x00000000ec400000,0x00000000ec400000,0x00000000ec580000)
 ParOldGen       total 121856K, used 102533K [0x00000000c0000000, 0x00000000c7700000, 0x00000000eab00000)
  object space 121856K, 84% used [0x00000000c0000000,0x00000000c6421510,0x00000000c7700000)
 Metaspace       used 74975K, committed 76288K, reserved 1179648K
  class space    used 7950K, committed 8576K, reserved 1048576K
}
Event: 40.192 GC heap after
{Heap after GC invocations=55 (full 4):
 PSYoungGen      total 11264K, used 884K [0x00000000eab00000, 0x00000000ec500000, 0x0000000100000000)
  eden space 10240K, 0% used [0x00000000eab00000,0x00000000eab00000,0x00000000eb500000)
  from space 1024K, 86% used [0x00000000ec400000,0x00000000ec4dd200,0x00000000ec500000)
  to   space 1024K, 0% used [0x00000000ec300000,0x00000000ec300000,0x00000000ec400000)
 ParOldGen       total 121856K, used 102541K [0x00000000c0000000, 0x00000000c7700000, 0x00000000eab00000)
  object space 121856K, 84% used [0x00000000c0000000,0x00000000c6423510,0x00000000c7700000)
 Metaspace       used 74975K, committed 76288K, reserved 1179648K
  class space    used 7950K, committed 8576K, reserved 1048576K
}
Event: 40.401 GC heap before
{Heap before GC invocations=56 (full 4):
 PSYoungGen      total 11264K, used 11124K [0x00000000eab00000, 0x00000000ec500000, 0x0000000100000000)
  eden space 10240K, 100% used [0x00000000eab00000,0x00000000eb500000,0x00000000eb500000)
  from space 1024K, 86% used [0x00000000ec400000,0x00000000ec4dd200,0x00000000ec500000)
  to   space 1024K, 0% used [0x00000000ec300000,0x00000000ec300000,0x00000000ec400000)
 ParOldGen       total 121856K, used 102541K [0x00000000c0000000, 0x00000000c7700000, 0x00000000eab00000)
  object space 121856K, 84% used [0x00000000c0000000,0x00000000c6423510,0x00000000c7700000)
 Metaspace       used 74991K, committed 76352K, reserved 1179648K
  class space    used 7950K, committed 8576K, reserved 1048576K
}
Event: 40.402 GC heap after
{Heap after GC invocations=56 (full 4):
 PSYoungGen      total 11264K, used 832K [0x00000000eab00000, 0x00000000ec480000, 0x0000000100000000)
  eden space 10240K, 0% used [0x00000000eab00000,0x00000000eab00000,0x00000000eb500000)
  from space 1024K, 81% used [0x00000000ec300000,0x00000000ec3d0000,0x00000000ec400000)
  to   space 512K, 0% used [0x00000000ec400000,0x00000000ec400000,0x00000000ec480000)
 ParOldGen       total 121856K, used 102541K [0x00000000c0000000, 0x00000000c7700000, 0x00000000eab00000)
  object space 121856K, 84% used [0x00000000c0000000,0x00000000c6423510,0x00000000c7700000)
 Metaspace       used 74991K, committed 76352K, reserved 1179648K
  class space    used 7950K, committed 8576K, reserved 1048576K
}
Event: 110.221 GC heap before
{Heap before GC invocations=57 (full 4):
 PSYoungGen      total 11264K, used 11072K [0x00000000eab00000, 0x00000000ec480000, 0x0000000100000000)
  eden space 10240K, 100% used [0x00000000eab00000,0x00000000eb500000,0x00000000eb500000)
  from space 1024K, 81% used [0x00000000ec300000,0x00000000ec3d0000,0x00000000ec400000)
  to   space 512K, 0% used [0x00000000ec400000,0x00000000ec400000,0x00000000ec480000)
 ParOldGen       total 121856K, used 102541K [0x00000000c0000000, 0x00000000c7700000, 0x00000000eab00000)
  object space 121856K, 84% used [0x00000000c0000000,0x00000000c6423510,0x00000000c7700000)
 Metaspace       used 75621K, committed 76992K, reserved 1179648K
  class space    used 8051K, committed 8704K, reserved 1048576K
}
Event: 110.336 GC heap after
{Heap after GC invocations=57 (full 4):
 PSYoungGen      total 10752K, used 512K [0x00000000eab00000, 0x00000000ec480000, 0x0000000100000000)
  eden space 10240K, 0% used [0x00000000eab00000,0x00000000eab00000,0x00000000eb500000)
  from space 512K, 100% used [0x00000000ec400000,0x00000000ec480000,0x00000000ec480000)
  to   space 2048K, 0% used [0x00000000ec080000,0x00000000ec080000,0x00000000ec280000)
 ParOldGen       total 121856K, used 103618K [0x00000000c0000000, 0x00000000c7700000, 0x00000000eab00000)
  object space 121856K, 85% used [0x00000000c0000000,0x00000000c6530928,0x00000000c7700000)
 Metaspace       used 75621K, committed 76992K, reserved 1179648K
  class space    used 8051K, committed 8704K, reserved 1048576K
}
Event: 110.523 GC heap before
{Heap before GC invocations=58 (full 4):
 PSYoungGen      total 10752K, used 10752K [0x00000000eab00000, 0x00000000ec480000, 0x0000000100000000)
  eden space 10240K, 100% used [0x00000000eab00000,0x00000000eb500000,0x00000000eb500000)
  from space 512K, 100% used [0x00000000ec400000,0x00000000ec480000,0x00000000ec480000)
  to   space 2048K, 0% used [0x00000000ec080000,0x00000000ec080000,0x00000000ec280000)
 ParOldGen       total 121856K, used 103618K [0x00000000c0000000, 0x00000000c7700000, 0x00000000eab00000)
  object space 121856K, 85% used [0x00000000c0000000,0x00000000c6530928,0x00000000c7700000)
 Metaspace       used 75746K, committed 77184K, reserved 1179648K
  class space    used 8054K, committed 8704K, reserved 1048576K
}
Event: 110.533 GC heap after
{Heap after GC invocations=58 (full 4):
 PSYoungGen      total 12288K, used 2021K [0x00000000eab00000, 0x00000000ec480000, 0x0000000100000000)
  eden space 10240K, 0% used [0x00000000eab00000,0x00000000eab00000,0x00000000eb500000)
  from space 2048K, 98% used [0x00000000ec080000,0x00000000ec279430,0x00000000ec280000)
  to   space 2048K, 0% used [0x00000000ec280000,0x00000000ec280000,0x00000000ec480000)
 ParOldGen       total 121856K, used 105368K [0x00000000c0000000, 0x00000000c7700000, 0x00000000eab00000)
  object space 121856K, 86% used [0x00000000c0000000,0x00000000c66e6328,0x00000000c7700000)
 Metaspace       used 75746K, committed 77184K, reserved 1179648K
  class space    used 8054K, committed 8704K, reserved 1048576K
}
Event: 111.366 GC heap before
{Heap before GC invocations=59 (full 4):
 PSYoungGen      total 12288K, used 12261K [0x00000000eab00000, 0x00000000ec480000, 0x0000000100000000)
  eden space 10240K, 100% used [0x00000000eab00000,0x00000000eb500000,0x00000000eb500000)
  from space 2048K, 98% used [0x00000000ec080000,0x00000000ec279430,0x00000000ec280000)
  to   space 2048K, 0% used [0x00000000ec280000,0x00000000ec280000,0x00000000ec480000)
 ParOldGen       total 121856K, used 105368K [0x00000000c0000000, 0x00000000c7700000, 0x00000000eab00000)
  object space 121856K, 86% used [0x00000000c0000000,0x00000000c66e6328,0x00000000c7700000)
 Metaspace       used 76175K, committed 77632K, reserved 1179648K
  class space    used 8102K, committed 8768K, reserved 1048576K
}
Event: 111.371 GC heap after
{Heap after GC invocations=59 (full 4):
 PSYoungGen      total 12288K, used 2021K [0x00000000eab00000, 0x00000000ec480000, 0x0000000100000000)
  eden space 10240K, 0% used [0x00000000eab00000,0x00000000eab00000,0x00000000eb500000)
  from space 2048K, 98% used [0x00000000ec280000,0x00000000ec479430,0x00000000ec480000)
  to   space 3072K, 0% used [0x00000000ebe80000,0x00000000ebe80000,0x00000000ec180000)
 ParOldGen       total 121856K, used 105687K [0x00000000c0000000, 0x00000000c7700000, 0x00000000eab00000)
  object space 121856K, 86% used [0x00000000c0000000,0x00000000c6735c38,0x00000000c7700000)
 Metaspace       used 76175K, committed 77632K, reserved 1179648K
  class space    used 8102K, committed 8768K, reserved 1048576K
}

Dll operation events (11 events):
Event: 0.012 Loaded shared library c:\Users\srbec\.vscode\extensions\redhat.java-1.23.0-win32-x64\jre\17.0.8.1-win32-x86_64\bin\java.dll
Event: 0.338 Loaded shared library c:\Users\srbec\.vscode\extensions\redhat.java-1.23.0-win32-x64\jre\17.0.8.1-win32-x86_64\bin\zip.dll
Event: 0.342 Loaded shared library C:\Users\srbec\.vscode\extensions\redhat.java-1.23.0-win32-x64\jre\17.0.8.1-win32-x86_64\bin\instrument.dll
Event: 0.398 Loaded shared library C:\Users\srbec\.vscode\extensions\redhat.java-1.23.0-win32-x64\jre\17.0.8.1-win32-x86_64\bin\net.dll
Event: 0.421 Loaded shared library C:\Users\srbec\.vscode\extensions\redhat.java-1.23.0-win32-x64\jre\17.0.8.1-win32-x86_64\bin\nio.dll
Event: 0.430 Loaded shared library C:\Users\srbec\.vscode\extensions\redhat.java-1.23.0-win32-x64\jre\17.0.8.1-win32-x86_64\bin\zip.dll
Event: 0.453 Loaded shared library C:\Users\srbec\.vscode\extensions\redhat.java-1.23.0-win32-x64\jre\17.0.8.1-win32-x86_64\bin\jimage.dll
Event: 0.589 Loaded shared library c:\Users\srbec\.vscode\extensions\redhat.java-1.23.0-win32-x64\jre\17.0.8.1-win32-x86_64\bin\verify.dll
Event: 2.593 Loaded shared library C:\Users\srbec\AppData\Roaming\Code\User\globalStorage\redhat.java\1.23.0\config_win\org.eclipse.equinox.launcher\org.eclipse.equinox.launcher.win32.win32.x86_64_1.2.700.v20221108-1024\eclipse_11801.dll
Event: 5.715 Loaded shared library C:\Users\srbec\AppData\Local\Temp\jna-109698497\jna8074089650525169936.dll
Event: 7.549 Loaded shared library C:\Users\srbec\.vscode\extensions\redhat.java-1.23.0-win32-x64\jre\17.0.8.1-win32-x86_64\bin\sunmscapi.dll

Deoptimization events (20 events):
Event: 111.595 Thread 0x00000185766aea60 Uncommon trap: trap_request=0xffffffd6 fr.pc=0x000001856713ac68 relative=0x0000000000005888
Event: 111.595 Thread 0x00000185766aea60 Uncommon trap: reason=array_check action=maybe_recompile pc=0x000001856713ac68 method=org.eclipse.jdt.internal.compiler.classfmt.ModuleInfo.readModuleAttribute(I)V @ 1029 c2
Event: 111.595 Thread 0x00000185766aea60 DEOPT PACKING pc=0x000001856713ac68 sp=0x00000004f61fdfb0
Event: 111.595 Thread 0x00000185766aea60 DEOPT UNPACKING pc=0x0000018566699ea3 sp=0x00000004f61fdf38 mode 2
Event: 111.595 Thread 0x00000185766aea60 Uncommon trap: trap_request=0xffffffd6 fr.pc=0x000001856713ac68 relative=0x0000000000005888
Event: 111.595 Thread 0x00000185766aea60 Uncommon trap: reason=array_check action=maybe_recompile pc=0x000001856713ac68 method=org.eclipse.jdt.internal.compiler.classfmt.ModuleInfo.readModuleAttribute(I)V @ 1029 c2
Event: 111.595 Thread 0x00000185766aea60 DEOPT PACKING pc=0x000001856713ac68 sp=0x00000004f61fdfb0
Event: 111.595 Thread 0x00000185766aea60 DEOPT UNPACKING pc=0x0000018566699ea3 sp=0x00000004f61fdf38 mode 2
Event: 111.595 Thread 0x00000185766aea60 Uncommon trap: trap_request=0xffffffd6 fr.pc=0x000001856713ac68 relative=0x0000000000005888
Event: 111.595 Thread 0x00000185766aea60 Uncommon trap: reason=array_check action=maybe_recompile pc=0x000001856713ac68 method=org.eclipse.jdt.internal.compiler.classfmt.ModuleInfo.readModuleAttribute(I)V @ 1029 c2
Event: 111.595 Thread 0x00000185766aea60 DEOPT PACKING pc=0x000001856713ac68 sp=0x00000004f61fe030
Event: 111.595 Thread 0x00000185766aea60 DEOPT UNPACKING pc=0x0000018566699ea3 sp=0x00000004f61fdfb8 mode 2
Event: 111.608 Thread 0x00000185766aea60 Uncommon trap: trap_request=0xffffff45 fr.pc=0x0000018567166880 relative=0x00000000000003c0
Event: 111.608 Thread 0x00000185766aea60 Uncommon trap: reason=unstable_if action=reinterpret pc=0x0000018567166880 method=java.util.IdentityHashMap.closeDeletion(I)V @ 37 c2
Event: 111.608 Thread 0x00000185766aea60 DEOPT PACKING pc=0x0000018567166880 sp=0x00000004f61fd890
Event: 111.608 Thread 0x00000185766aea60 DEOPT UNPACKING pc=0x0000018566699ea3 sp=0x00000004f61fd778 mode 2
Event: 111.608 Thread 0x00000185766aea60 Uncommon trap: trap_request=0xffffff45 fr.pc=0x00000185671675e0 relative=0x0000000000000240
Event: 111.608 Thread 0x00000185766aea60 Uncommon trap: reason=unstable_if action=reinterpret pc=0x00000185671675e0 method=java.util.IdentityHashMap.closeDeletion(I)V @ 37 c2
Event: 111.608 Thread 0x00000185766aea60 DEOPT PACKING pc=0x00000185671675e0 sp=0x00000004f61fd7d0
Event: 111.609 Thread 0x00000185766aea60 DEOPT UNPACKING pc=0x0000018566699ea3 sp=0x00000004f61fd760 mode 2

Classes unloaded (9 events):
Event: 4.067 Thread 0x000001855c549980 Unloading class 0x0000000100250000 'java/lang/invoke/LambdaForm$MH+0x0000000100250000'
Event: 4.067 Thread 0x000001855c549980 Unloading class 0x000000010024fc00 'java/lang/invoke/LambdaForm$MH+0x000000010024fc00'
Event: 4.067 Thread 0x000001855c549980 Unloading class 0x000000010024f800 'java/lang/invoke/LambdaForm$MH+0x000000010024f800'
Event: 4.067 Thread 0x000001855c549980 Unloading class 0x000000010024f400 'java/lang/invoke/LambdaForm$MH+0x000000010024f400'
Event: 4.067 Thread 0x000001855c549980 Unloading class 0x000000010024f000 'java/lang/invoke/LambdaForm$BMH+0x000000010024f000'
Event: 4.067 Thread 0x000001855c549980 Unloading class 0x000000010024ec00 'java/lang/invoke/LambdaForm$DMH+0x000000010024ec00'
Event: 4.067 Thread 0x000001855c549980 Unloading class 0x000000010024c000 'java/lang/invoke/LambdaForm$DMH+0x000000010024c000'
Event: 34.959 Thread 0x000001855c549980 Unloading class 0x0000000100831000 'java/lang/invoke/LambdaForm$DMH+0x0000000100831000'
Event: 34.959 Thread 0x000001855c549980 Unloading class 0x00000001007c0400 'java/lang/invoke/LambdaForm$DMH+0x00000001007c0400'

Classes redefined (0 events):
No events

Internal exceptions (20 events):
Event: 36.336 Thread 0x00000185766aef70 Implicit null exception at 0x0000018566e413b7 to 0x0000018566e416ac
Event: 36.336 Thread 0x00000185766aef70 Implicit null exception at 0x0000018566e4089e to 0x0000018566e40ba4
Event: 36.897 Thread 0x00000185766aef70 Exception <a 'java/lang/NoSuchMethodError'{0x00000000eadc5a00}: 'java.lang.Object java.lang.invoke.DirectMethodHandle$Holder.newInvokeSpecial(java.lang.Object, java.lang.Object, int, java.lang.Object, java.lang.Object)'> (0x00000000eadc5a00) 
thrown [s\src\hotspot\share\interpreter\linkResolver.cpp, line 759]
Event: 36.926 Thread 0x00000185766aef70 Exception <a 'java/lang/NoSuchMethodError'{0x00000000eae0c270}: 'java.lang.Object java.lang.invoke.DirectMethodHandle$Holder.invokeStatic(java.lang.Object, int, java.lang.Object, java.lang.Object)'> (0x00000000eae0c270) 
thrown [s\src\hotspot\share\interpreter\linkResolver.cpp, line 759]
Event: 36.926 Thread 0x00000185766aef70 Exception <a 'java/lang/NoSuchMethodError'{0x00000000eae10550}: 'java.lang.Object java.lang.invoke.DelegatingMethodHandle$Holder.delegate(java.lang.Object, int, java.lang.Object, java.lang.Object)'> (0x00000000eae10550) 
thrown [s\src\hotspot\share\interpreter\linkResolver.cpp, line 759]
Event: 36.932 Thread 0x00000185766aef70 Exception <a 'java/lang/NoSuchMethodError'{0x00000000eae26820}: 'int java.lang.invoke.Invokers$Holder.linkToTargetMethod(java.lang.Object, java.lang.Object, java.lang.Object)'> (0x00000000eae26820) 
thrown [s\src\hotspot\share\interpreter\linkResolver.cpp, line 759]
Event: 37.051 Thread 0x00000185766aef70 Exception <a 'java/lang/NoSuchMethodError'{0x00000000eb01cc10}: 'java.lang.Object java.lang.invoke.DirectMethodHandle$Holder.invokeStatic(java.lang.Object, java.lang.Object, int, java.lang.Object, java.lang.Object)'> (0x00000000eb01cc10) 
thrown [s\src\hotspot\share\interpreter\linkResolver.cpp, line 759]
Event: 37.104 Thread 0x00000185766aef70 Exception <a 'java/lang/NoSuchMethodError'{0x00000000eb092920}: 'void java.lang.invoke.DirectMethodHandle$Holder.invokeStatic(java.lang.Object, int)'> (0x00000000eb092920) 
thrown [s\src\hotspot\share\interpreter\linkResolver.cpp, line 759]
Event: 37.474 Thread 0x00000185766aef70 Exception <a 'java/io/FileNotFoundException'{0x00000000eacfede8}> (0x00000000eacfede8) 
thrown [s\src\hotspot\share\prims\jni.cpp, line 516]
Event: 37.475 Thread 0x00000185766aef70 Exception <a 'java/io/FileNotFoundException'{0x00000000ead00158}> (0x00000000ead00158) 
thrown [s\src\hotspot\share\prims\jni.cpp, line 516]
Event: 37.571 Thread 0x00000185766ac6f0 Exception <a 'java/io/FileNotFoundException'{0x00000000eadd71c0}> (0x00000000eadd71c0) 
thrown [s\src\hotspot\share\prims\jni.cpp, line 516]
Event: 37.630 Thread 0x00000185766ac6f0 Exception <a 'java/lang/NoSuchMethodError'{0x00000000eaec2da8}: 'void java.lang.invoke.DirectMethodHandle$Holder.invokeSpecial(java.lang.Object, java.lang.Object, java.lang.Object, java.lang.Object, java.lang.Object)'> (0x00000000eaec2da8) 
thrown [s\src\hotspot\share\interpreter\linkResolver.cpp, line 759]
Event: 39.965 Thread 0x00000185766a8520 Implicit null exception at 0x00000185670d8a9b to 0x00000185670d8de8
Event: 109.889 Thread 0x00000185766aef70 Exception <a 'java/lang/ArrayIndexOutOfBoundsException'{0x00000000eaf5bc60}: Index 249 out of bounds for length 249> (0x00000000eaf5bc60) 
thrown [s\src\hotspot\share\interpreter\interpreterRuntime.cpp, line 428]
Event: 109.889 Thread 0x00000185766aef70 Exception <a 'java/lang/ArrayIndexOutOfBoundsException'{0x00000000eaf5c348}: Index 249 out of bounds for length 249> (0x00000000eaf5c348) 
thrown [s\src\hotspot\share\interpreter\interpreterRuntime.cpp, line 428]
Event: 109.889 Thread 0x00000185766aef70 Exception <a 'java/lang/ArrayIndexOutOfBoundsException'{0x00000000eaf5c728}: Index 250 out of bounds for length 249> (0x00000000eaf5c728) 
thrown [s\src\hotspot\share\interpreter\interpreterRuntime.cpp, line 428]
Event: 110.547 Thread 0x00000185766a8f40 Exception <a 'java/lang/ArrayIndexOutOfBoundsException'{0x00000000eadf42f8}: Index 226 out of bounds for length 225> (0x00000000eadf42f8) 
thrown [s\src\hotspot\share\interpreter\interpreterRuntime.cpp, line 428]
Event: 111.410 Thread 0x0000018575a31e00 Implicit null exception at 0x0000018567151e34 to 0x000001856715225c
Event: 111.419 Thread 0x0000018575a31e00 Implicit null exception at 0x000001856714c999 to 0x000001856714d540
Event: 111.420 Thread 0x0000018575a31e00 Implicit null exception at 0x000001856714f34f to 0x000001856714f840

VM Operations (20 events):
Event: 60.836 Executing VM operation: HandshakeAllThreads
Event: 61.009 Executing VM operation: HandshakeAllThreads done
Event: 109.464 Executing VM operation: Cleanup
Event: 109.472 Executing VM operation: Cleanup done
Event: 109.744 Executing VM operation: HandshakeAllThreads
Event: 109.747 Executing VM operation: HandshakeAllThreads done
Event: 109.782 Executing VM operation: HandshakeAllThreads
Event: 109.782 Executing VM operation: HandshakeAllThreads done
Event: 109.782 Executing VM operation: HandshakeAllThreads
Event: 109.783 Executing VM operation: HandshakeAllThreads done
Event: 109.833 Executing VM operation: HandshakeAllThreads
Event: 109.833 Executing VM operation: HandshakeAllThreads done
Event: 110.220 Executing VM operation: ParallelGCFailedAllocation
Event: 110.336 Executing VM operation: ParallelGCFailedAllocation done
Event: 110.523 Executing VM operation: ParallelGCFailedAllocation
Event: 110.533 Executing VM operation: ParallelGCFailedAllocation done
Event: 111.366 Executing VM operation: ParallelGCFailedAllocation
Event: 111.371 Executing VM operation: ParallelGCFailedAllocation done
Event: 111.481 Executing VM operation: HandshakeAllThreads
Event: 111.481 Executing VM operation: HandshakeAllThreads done

Events (20 events):
Event: 110.065 Thread 0x00000185754a1530 flushing nmethod 0x000001855fdd9e10
Event: 110.065 Thread 0x00000185754a1530 flushing nmethod 0x000001855fde2f10
Event: 110.066 Thread 0x00000185754a1530 flushing nmethod 0x000001855fdf7e10
Event: 110.066 Thread 0x00000185754a1530 flushing nmethod 0x000001855fe04d90
Event: 110.072 Thread 0x00000185754a1530 flushing nmethod 0x000001855fef3610
Event: 110.672 loading class java/util/stream/ReduceOps$2
Event: 110.673 loading class java/util/stream/ReduceOps$2 done
Event: 110.673 loading class java/util/stream/ReduceOps$2ReducingSink
Event: 110.673 loading class java/util/stream/ReduceOps$2ReducingSink done
Event: 111.377 Thread 0x00000185766acc00 Thread added: 0x00000185766acc00
Event: 111.417 loading class org/xml/sax/SAXNotRecognizedException
Event: 111.418 loading class org/xml/sax/SAXNotRecognizedException done
Event: 111.418 loading class org/xml/sax/SAXNotSupportedException
Event: 111.418 loading class org/xml/sax/SAXNotSupportedException done
Event: 111.432 loading class com/sun/org/apache/xerces/internal/util/URI
Event: 111.435 loading class com/sun/org/apache/xerces/internal/util/URI done
Event: 111.442 loading class com/sun/org/apache/xerces/internal/xni/XNIException
Event: 111.442 loading class com/sun/org/apache/xerces/internal/xni/XNIException done
Event: 111.443 loading class com/sun/org/apache/xerces/internal/xni/parser/XMLParseException
Event: 111.443 loading class com/sun/org/apache/xerces/internal/xni/parser/XMLParseException done


Dynamic libraries:
0x00007ff718ce0000 - 0x00007ff718cee000 	c:\Users\srbec\.vscode\extensions\redhat.java-1.23.0-win32-x64\jre\17.0.8.1-win32-x86_64\bin\java.exe
0x00007ffa35370000 - 0x00007ffa35587000 	C:\Windows\SYSTEM32\ntdll.dll
0x00007ffa34130000 - 0x00007ffa341f4000 	C:\Windows\System32\KERNEL32.DLL
0x00007ffa32af0000 - 0x00007ffa32e96000 	C:\Windows\System32\KERNELBASE.dll
0x00007ffa328b0000 - 0x00007ffa329c1000 	C:\Windows\System32\ucrtbase.dll
0x00007ffa23d10000 - 0x00007ffa23d27000 	c:\Users\srbec\.vscode\extensions\redhat.java-1.23.0-win32-x64\jre\17.0.8.1-win32-x86_64\bin\jli.dll
0x00007ffa1fc40000 - 0x00007ffa1fc59000 	c:\Users\srbec\.vscode\extensions\redhat.java-1.23.0-win32-x64\jre\17.0.8.1-win32-x86_64\bin\VCRUNTIME140.dll
0x00007ffa34df0000 - 0x00007ffa34f9d000 	C:\Windows\System32\USER32.dll
0x00007ffa32880000 - 0x00007ffa328a6000 	C:\Windows\System32\win32u.dll
0x00007ffa34bb0000 - 0x00007ffa34bd9000 	C:\Windows\System32\GDI32.dll
0x00007ffa329d0000 - 0x00007ffa32ae8000 	C:\Windows\System32\gdi32full.dll
0x00007ffa326f0000 - 0x00007ffa3278a000 	C:\Windows\System32\msvcp_win.dll
0x00007ffa1f960000 - 0x00007ffa1fbf3000 	C:\Windows\WinSxS\amd64_microsoft.windows.common-controls_6595b64144ccf1df_6.0.22621.2361_none_2712ced57382f843\COMCTL32.dll
0x00007ffa33ea0000 - 0x00007ffa33f47000 	C:\Windows\System32\msvcrt.dll
0x00007ffa34200000 - 0x00007ffa34231000 	C:\Windows\System32\IMM32.DLL
0x00007ffa2f2d0000 - 0x00007ffa2f2dc000 	c:\Users\srbec\.vscode\extensions\redhat.java-1.23.0-win32-x64\jre\17.0.8.1-win32-x86_64\bin\vcruntime140_1.dll
0x00007ffa18210000 - 0x00007ffa182a1000 	c:\Users\srbec\.vscode\extensions\redhat.java-1.23.0-win32-x64\jre\17.0.8.1-win32-x86_64\bin\msvcp140.dll
0x00007ff9b2eb0000 - 0x00007ff9b3afc000 	c:\Users\srbec\.vscode\extensions\redhat.java-1.23.0-win32-x64\jre\17.0.8.1-win32-x86_64\bin\server\jvm.dll
0x00007ffa342a0000 - 0x00007ffa34350000 	C:\Windows\System32\ADVAPI32.dll
0x00007ffa345e0000 - 0x00007ffa34686000 	C:\Windows\System32\sechost.dll
0x00007ffa34690000 - 0x00007ffa347a7000 	C:\Windows\System32\RPCRT4.dll
0x00007ffa31580000 - 0x00007ffa315cd000 	C:\Windows\SYSTEM32\POWRPROF.dll
0x00007ffa24ec0000 - 0x00007ffa24ec9000 	C:\Windows\SYSTEM32\WSOCK32.dll
0x00007ffa330d0000 - 0x00007ffa33141000 	C:\Windows\System32\WS2_32.dll
0x00007ffa234b0000 - 0x00007ffa234e4000 	C:\Windows\SYSTEM32\WINMM.dll
0x00007ffa26490000 - 0x00007ffa2649a000 	C:\Windows\SYSTEM32\VERSION.dll
0x00007ffa31560000 - 0x00007ffa31573000 	C:\Windows\SYSTEM32\UMPDC.dll
0x00007ffa31820000 - 0x00007ffa31838000 	C:\Windows\SYSTEM32\kernel.appcore.dll
0x00007ffa2f2a0000 - 0x00007ffa2f2aa000 	c:\Users\srbec\.vscode\extensions\redhat.java-1.23.0-win32-x64\jre\17.0.8.1-win32-x86_64\bin\jimage.dll
0x00007ffa30080000 - 0x00007ffa302ae000 	C:\Windows\SYSTEM32\DBGHELP.DLL
0x00007ffa34fa0000 - 0x00007ffa3532a000 	C:\Windows\System32\combase.dll
0x00007ffa347b0000 - 0x00007ffa34887000 	C:\Windows\System32\OLEAUT32.dll
0x00007ffa25ab0000 - 0x00007ffa25ae2000 	C:\Windows\SYSTEM32\dbgcore.DLL
0x00007ffa32800000 - 0x00007ffa3287a000 	C:\Windows\System32\bcryptPrimitives.dll
0x00007ffa25d90000 - 0x00007ffa25d9e000 	c:\Users\srbec\.vscode\extensions\redhat.java-1.23.0-win32-x64\jre\17.0.8.1-win32-x86_64\bin\instrument.dll
0x00007ffa1ecf0000 - 0x00007ffa1ed15000 	c:\Users\srbec\.vscode\extensions\redhat.java-1.23.0-win32-x64\jre\17.0.8.1-win32-x86_64\bin\java.dll
0x00007ffa1d420000 - 0x00007ffa1d438000 	c:\Users\srbec\.vscode\extensions\redhat.java-1.23.0-win32-x64\jre\17.0.8.1-win32-x86_64\bin\zip.dll
0x00007ffa33640000 - 0x00007ffa33e98000 	C:\Windows\System32\SHELL32.dll
0x00007ffa30650000 - 0x00007ffa30f42000 	C:\Windows\SYSTEM32\windows.storage.dll
0x00007ffa30510000 - 0x00007ffa3064e000 	C:\Windows\SYSTEM32\wintypes.dll
0x00007ffa348b0000 - 0x00007ffa349a3000 	C:\Windows\System32\SHCORE.dll
0x00007ffa34240000 - 0x00007ffa3429e000 	C:\Windows\System32\shlwapi.dll
0x00007ffa32620000 - 0x00007ffa32646000 	C:\Windows\SYSTEM32\profapi.dll
0x00007ffa1bd80000 - 0x00007ffa1bd99000 	C:\Users\srbec\.vscode\extensions\redhat.java-1.23.0-win32-x64\jre\17.0.8.1-win32-x86_64\bin\net.dll
0x00007ffa29ab0000 - 0x00007ffa29be7000 	C:\Windows\SYSTEM32\WINHTTP.dll
0x00007ffa31ca0000 - 0x00007ffa31d09000 	C:\Windows\system32\mswsock.dll
0x00007ffa1bd60000 - 0x00007ffa1bd75000 	C:\Users\srbec\.vscode\extensions\redhat.java-1.23.0-win32-x64\jre\17.0.8.1-win32-x86_64\bin\nio.dll
0x00007ffa25750000 - 0x00007ffa25760000 	c:\Users\srbec\.vscode\extensions\redhat.java-1.23.0-win32-x64\jre\17.0.8.1-win32-x86_64\bin\verify.dll
0x00007ffa16130000 - 0x00007ffa1616e000 	C:\Users\srbec\AppData\Roaming\Code\User\globalStorage\redhat.java\1.23.0\config_win\org.eclipse.equinox.launcher\org.eclipse.equinox.launcher.win32.win32.x86_64_1.2.700.v20221108-1024\eclipse_11801.dll
0x00007ffa34420000 - 0x00007ffa345bf000 	C:\Windows\System32\ole32.dll
0x00007ffa31ef0000 - 0x00007ffa31f0b000 	C:\Windows\SYSTEM32\CRYPTSP.dll
0x00007ffa31780000 - 0x00007ffa317b5000 	C:\Windows\system32\rsaenh.dll
0x00007ffa31d90000 - 0x00007ffa31dbc000 	C:\Windows\SYSTEM32\USERENV.dll
0x00007ffa320b0000 - 0x00007ffa320d8000 	C:\Windows\SYSTEM32\bcrypt.dll
0x00007ffa31f10000 - 0x00007ffa31f1c000 	C:\Windows\SYSTEM32\CRYPTBASE.dll
0x00007ffa31220000 - 0x00007ffa3124d000 	C:\Windows\SYSTEM32\IPHLPAPI.DLL
0x00007ffa345d0000 - 0x00007ffa345d9000 	C:\Windows\System32\NSI.dll
0x00007ffa286c0000 - 0x00007ffa286d9000 	C:\Windows\SYSTEM32\dhcpcsvc6.DLL
0x00007ffa28610000 - 0x00007ffa2862f000 	C:\Windows\SYSTEM32\dhcpcsvc.DLL
0x00007ffa31250000 - 0x00007ffa31349000 	C:\Windows\SYSTEM32\DNSAPI.dll
0x00007ffa16090000 - 0x00007ffa160d5000 	C:\Users\srbec\AppData\Local\Temp\jna-109698497\jna8074089650525169936.dll
0x00007ffa345c0000 - 0x00007ffa345c8000 	C:\Windows\System32\PSAPI.DLL
0x00007ffa24e80000 - 0x00007ffa24e8e000 	C:\Users\srbec\.vscode\extensions\redhat.java-1.23.0-win32-x64\jre\17.0.8.1-win32-x86_64\bin\sunmscapi.dll
0x00007ffa32ea0000 - 0x00007ffa33006000 	C:\Windows\System32\CRYPT32.dll
0x00007ffa32080000 - 0x00007ffa320ad000 	C:\Windows\SYSTEM32\ncrypt.dll
0x00007ffa32040000 - 0x00007ffa32077000 	C:\Windows\SYSTEM32\NTASN1.dll
0x00007ffa234a0000 - 0x00007ffa234aa000 	C:\Windows\System32\rasadhlp.dll
0x00007ffa264e0000 - 0x00007ffa26564000 	C:\Windows\System32\fwpuclnt.dll

dbghelp: loaded successfully - version: 4.0.5 - missing functions: none
symbol engine: initialized successfully - sym options: 0x614 - pdb path: .;c:\Users\srbec\.vscode\extensions\redhat.java-1.23.0-win32-x64\jre\17.0.8.1-win32-x86_64\bin;C:\Windows\SYSTEM32;C:\Windows\WinSxS\amd64_microsoft.windows.common-controls_6595b64144ccf1df_6.0.22621.2361_none_2712ced57382f843;c:\Users\srbec\.vscode\extensions\redhat.java-1.23.0-win32-x64\jre\17.0.8.1-win32-x86_64\bin\server;C:\Users\srbec\AppData\Roaming\Code\User\globalStorage\redhat.java\1.23.0\config_win\org.eclipse.equinox.launcher\org.eclipse.equinox.launcher.win32.win32.x86_64_1.2.700.v20221108-1024;C:\Users\srbec\AppData\Local\Temp\jna-109698497

VM Arguments:
jvm_args: --add-modules=ALL-SYSTEM --add-opens=java.base/java.util=ALL-UNNAMED --add-opens=java.base/java.lang=ALL-UNNAMED --add-opens=java.base/sun.nio.fs=ALL-UNNAMED -Declipse.application=org.eclipse.jdt.ls.core.id1 -Dosgi.bundles.defaultStartLevel=4 -Declipse.product=org.eclipse.jdt.ls.core.product -Djava.import.generatesMetadataFilesAtProjectRoot=false -DDetectVMInstallationsJob.disabled=true -Dfile.encoding=utf8 -XX:+UseParallelGC -XX:GCTimeRatio=4 -XX:AdaptiveSizePolicyWeight=90 -Dsun.zip.disableMemoryMapping=true -Xmx1G -Xms100m -Xlog:disable -javaagent:c:\Users\srbec\.vscode\extensions\redhat.java-1.23.0-win32-x64\lombok\lombok-1.18.30.jar -XX:+HeapDumpOnOutOfMemoryError -XX:HeapDumpPath=c:\Users\srbec\AppData\Roaming\Code\User\workspaceStorage\d1599a90f0b4e815a88c1fa30ab3333f\redhat.java -Daether.dependencyCollector.impl=bf 
java_command: c:\Users\srbec\.vscode\extensions\redhat.java-1.23.0-win32-x64\server\plugins\org.eclipse.equinox.launcher_1.6.500.v20230717-2134.jar -configuration c:\Users\srbec\AppData\Roaming\Code\User\globalStorage\redhat.java\1.23.0\config_win -data c:\Users\srbec\AppData\Roaming\Code\User\workspaceStorage\d1599a90f0b4e815a88c1fa30ab3333f\redhat.java\jdt_ws
java_class_path (initial): c:\Users\srbec\.vscode\extensions\redhat.java-1.23.0-win32-x64\server\plugins\org.eclipse.equinox.launcher_1.6.500.v20230717-2134.jar
Launcher Type: SUN_STANDARD

[Global flags]
    uintx AdaptiveSizePolicyWeight                 = 90                                        {product} {command line}
     intx CICompilerCount                          = 3                                         {product} {ergonomic}
    uintx GCTimeRatio                              = 4                                         {product} {command line}
     bool HeapDumpOnOutOfMemoryError               = true                                   {manageable} {command line}
    ccstr HeapDumpPath                             = c:\Users\srbec\AppData\Roaming\Code\User\workspaceStorage\d1599a90f0b4e815a88c1fa30ab3333f\redhat.java         {manageable} {command line}
   size_t InitialHeapSize                          = 104857600                                 {product} {command line}
   size_t MaxHeapSize                              = 1073741824                                {product} {command line}
   size_t MaxNewSize                               = 357564416                                 {product} {ergonomic}
   size_t MinHeapDeltaBytes                        = 524288                                    {product} {ergonomic}
   size_t MinHeapSize                              = 104857600                                 {product} {command line}
   size_t NewSize                                  = 34603008                                  {product} {ergonomic}
    uintx NonNMethodCodeHeapSize                   = 5832780                                {pd product} {ergonomic}
    uintx NonProfiledCodeHeapSize                  = 122912730                              {pd product} {ergonomic}
   size_t OldSize                                  = 70254592                                  {product} {ergonomic}
    uintx ProfiledCodeHeapSize                     = 122912730                              {pd product} {ergonomic}
    uintx ReservedCodeCacheSize                    = 251658240                              {pd product} {ergonomic}
     bool SegmentedCodeCache                       = true                                      {product} {ergonomic}
   size_t SoftMaxHeapSize                          = 1073741824                             {manageable} {ergonomic}
     bool UseCompressedClassPointers               = true                           {product lp64_product} {ergonomic}
     bool UseCompressedOops                        = true                           {product lp64_product} {ergonomic}
     bool UseLargePagesIndividualAllocation        = false                                  {pd product} {ergonomic}
     bool UseParallelGC                            = true                                      {product} {command line}

Logging:
Log output configuration:
 #0: stdout all=off uptime,level,tags
 #1: stderr all=off uptime,level,tags

Environment Variables:
JAVA_HOME=C:\Program Files\Java\jdk-17
PATH=C:\Program Files\Common Files\Oracle\Java\javapath;C:\Program Files (x86)\Common Files\Oracle\Java\javapath;C:\Windows\system32;C:\Windows;C:\Windows\System32\Wbem;C:\Windows\System32\OpenSSH\;C:\ProgramData\UNIVALI\Portugol Studio;C:\Program Files\nodejs\;C:\ProgramData\chocolatey\bin;C:\Program Files\PowerShell\7\;%JAVA_HOME%bin;C:\Windows\System32\WindowsPowerShell\v1.0\;C:\apache-maven-3.9.5\bin;C:\Users\srbec\AppData\Local\Programs\Python\Python311\Scripts\;C:\Users\srbec\AppData\Local\Programs\Python\Python311\;C:\Users\srbec\AppData\Local\Microsoft\WindowsApps;C:\Users\srbec\AppData\Local\Programs\Microsoft VS Code\bin;C:\Users\srbec\AppData\Roaming\npm;C:\MinGW\bin;C:\Users\srbec\Downloads\apache-maven-3.9.5-bin;
USERNAME=srbec
OS=Windows_NT
PROCESSOR_IDENTIFIER=Intel64 Family 6 Model 140 Stepping 1, GenuineIntel
TMP=C:\Users\srbec\AppData\Local\Temp
TEMP=C:\Users\srbec\AppData\Local\Temp



---------------  S Y S T E M  ---------------

OS:
 Windows 11 , 64 bit Build 22621 (10.0.22621.2428)
OS uptime: 1 days 20:09 hours

CPU: total 4 (initial active 4) (2 cores per cpu, 2 threads per core) family 6 model 140 stepping 1 microcode 0x8a, cx8, cmov, fxsr, ht, mmx, 3dnowpref, sse, sse2, sse3, ssse3, sse4.1, sse4.2, popcnt, lzcnt, tsc, tscinvbit, avx, avx2, aes, erms, clmul, bmi1, bmi2, adx, avx512f, avx512dq, avx512cd, avx512bw, avx512vl, sha, fma, vzeroupper, avx512_vpopcntdq, avx512_vpclmulqdq, avx512_vaes, avx512_vnni, clflush, clflushopt, clwb, avx512_vbmi2, avx512_vbmi
Processor Information for all 4 processors :
  Max Mhz: 2995, Current Mhz: 2995, Mhz Limit: 2995

Memory: 4k page, system-wide physical 3819M (325M free)
TotalPageFile size 15595M (AvailPageFile size 1131M)
current process WorkingSet (physical memory assigned to process): 160M, peak: 284M
current process commit charge ("private bytes"): 362M, peak: 410M

vm_info: OpenJDK 64-Bit Server VM (17.0.8.1+1) for windows-amd64 JRE (17.0.8.1+1), built on Aug 23 2023 15:29:17 by "admin" with MS VC++ 16.7 (VS2019)

END.
