#
# There is insufficient memory for the Java Runtime Environment to continue.
# Native memory allocation (malloc) failed to allocate 1395536 bytes for Chunk::new
# Possible reasons:
#   The system is out of physical RAM or swap space
#   The process is running with CompressedOops enabled, and the Java Heap may be blocking the growth of the native heap
# Possible solutions:
#   Reduce memory load on the system
#   Increase physical memory or swap space
#   Check if swap backing store is full
#   Decrease Java heap size (-Xmx/-Xms)
#   Decrease number of Java threads
#   Decrease Java thread stack sizes (-Xss)
#   Set larger code cache with -XX:ReservedCodeCacheSize=
#   JVM is running with Unscaled Compressed Oops mode in which the Java heap is
#     placed in the first 4GB address space. The Java Heap base address is the
#     maximum limit for the native heap growth. Please use -XX:HeapBaseMinAddress
#     to set the Java Heap base and to place the Java Heap above 4GB virtual address.
# This output file may be truncated or incomplete.
#
#  Out of Memory Error (arena.cpp:189), pid=28776, tid=12468
#
# JRE version: OpenJDK Runtime Environment Temurin-17.0.8.1+1 (17.0.8.1+1) (build 17.0.8.1+1)
# Java VM: OpenJDK 64-Bit Server VM Temurin-17.0.8.1+1 (17.0.8.1+1, mixed mode, tiered, compressed oops, compressed class ptrs, parallel gc, windows-amd64)
# No core dump will be written. Minidumps are not enabled by default on client versions of Windows
#

---------------  S U M M A R Y ------------

Command Line: --add-modules=ALL-SYSTEM --add-opens=java.base/java.util=ALL-UNNAMED --add-opens=java.base/java.lang=ALL-UNNAMED --add-opens=java.base/sun.nio.fs=ALL-UNNAMED -Declipse.application=org.eclipse.jdt.ls.core.id1 -Dosgi.bundles.defaultStartLevel=4 -Declipse.product=org.eclipse.jdt.ls.core.product -Djava.import.generatesMetadataFilesAtProjectRoot=false -DDetectVMInstallationsJob.disabled=true -Dfile.encoding=utf8 -XX:+UseParallelGC -XX:GCTimeRatio=4 -XX:AdaptiveSizePolicyWeight=90 -Dsun.zip.disableMemoryMapping=true -Xmx1G -Xms100m -Xlog:disable -javaagent:c:\Users\srbec\.vscode\extensions\redhat.java-1.23.0-win32-x64\lombok\lombok-1.18.30.jar -XX:+HeapDumpOnOutOfMemoryError -XX:HeapDumpPath=c:\Users\srbec\AppData\Roaming\Code\User\workspaceStorage\d1599a90f0b4e815a88c1fa30ab3333f\redhat.java -Daether.dependencyCollector.impl=bf c:\Users\srbec\.vscode\extensions\redhat.java-1.23.0-win32-x64\server\plugins\org.eclipse.equinox.launcher_1.6.500.v20230717-2134.jar -configuration c:\Users\srbec\AppData\Roaming\Code\User\globalStorage\redhat.java\1.23.0\config_win -data c:\Users\srbec\AppData\Roaming\Code\User\workspaceStorage\d1599a90f0b4e815a88c1fa30ab3333f\redhat.java\jdt_ws

Host: 11th Gen Intel(R) Core(TM) i3-1115G4 @ 3.00GHz, 4 cores, 3G,  Windows 11 , 64 bit Build 22621 (10.0.22621.2428)
Time: Fri Oct 13 16:33:02 2023 Hora Padrão de Buenos Aires elapsed time: 64.928096 seconds (0d 0h 1m 4s)

---------------  T H R E A D  ---------------

Current thread (0x000001d45150cfb0):  JavaThread "C2 CompilerThread0" daemon [_thread_in_native, id=12468, stack(0x0000007458e00000,0x0000007458f00000)]


Current CompileTask:
C2:  64928 12792       4       com.google.gson.internal.bind.TypeAdapterRuntimeTypeWrapper::write (80 bytes)

Stack: [0x0000007458e00000,0x0000007458f00000]
Native frames: (J=compiled Java code, j=interpreted, Vv=VM code, C=native code)
V  [jvm.dll+0x678b0a]
V  [jvm.dll+0x835e84]
V  [jvm.dll+0x83762e]
V  [jvm.dll+0x837c93]
V  [jvm.dll+0x24746f]
V  [jvm.dll+0xac20c]
V  [jvm.dll+0xac7dc]
V  [jvm.dll+0x365c52]
V  [jvm.dll+0x3301a1]
V  [jvm.dll+0x32f64a]
V  [jvm.dll+0x219bf1]
V  [jvm.dll+0x219011]
V  [jvm.dll+0x1a534d]
V  [jvm.dll+0x228d8a]
V  [jvm.dll+0x226dcc]
V  [jvm.dll+0x7ec09b]
V  [jvm.dll+0x7e64ca]
V  [jvm.dll+0x677955]
C  [ucrtbase.dll+0x29363]
C  [KERNEL32.DLL+0x1257d]
C  [ntdll.dll+0x5aa78]


---------------  P R O C E S S  ---------------

Threads class SMR info:
_java_thread_list=0x000001d458ca50e0, length=32, elements={
0x000001d43d6aa380, 0x000001d43d758fd0, 0x000001d43d75b150, 0x000001d451508330,
0x000001d451508d00, 0x000001d4515097d0, 0x000001d45150a2a0, 0x000001d45150cfb0,
0x000001d4566c3b40, 0x000001d4566c6810, 0x000001d43d70c080, 0x000001d456b210a0,
0x000001d456f4c1f0, 0x000001d45714e0a0, 0x000001d45714e580, 0x000001d4570cb110,
0x000001d45746f2c0, 0x000001d45746c530, 0x000001d45746cf50, 0x000001d45746d970,
0x000001d45746de80, 0x000001d45746fce0, 0x000001d45746ca40, 0x000001d45746e390,
0x000001d45746edb0, 0x000001d459400a30, 0x000001d4593fc350, 0x000001d4593fd790,
0x000001d4593fc860, 0x000001d459401960, 0x000001d4593fcd70, 0x000001d4593fe6c0
}

Java Threads: ( => current thread )
  0x000001d43d6aa380 JavaThread "main" [_thread_blocked, id=41240, stack(0x0000007458500000,0x0000007458600000)]
  0x000001d43d758fd0 JavaThread "Reference Handler" daemon [_thread_blocked, id=2000, stack(0x0000007458800000,0x0000007458900000)]
  0x000001d43d75b150 JavaThread "Finalizer" daemon [_thread_blocked, id=23748, stack(0x0000007458900000,0x0000007458a00000)]
  0x000001d451508330 JavaThread "Signal Dispatcher" daemon [_thread_blocked, id=44508, stack(0x0000007458a00000,0x0000007458b00000)]
  0x000001d451508d00 JavaThread "Attach Listener" daemon [_thread_blocked, id=44596, stack(0x0000007458b00000,0x0000007458c00000)]
  0x000001d4515097d0 JavaThread "Service Thread" daemon [_thread_blocked, id=38488, stack(0x0000007458c00000,0x0000007458d00000)]
  0x000001d45150a2a0 JavaThread "Monitor Deflation Thread" daemon [_thread_blocked, id=40048, stack(0x0000007458d00000,0x0000007458e00000)]
=>0x000001d45150cfb0 JavaThread "C2 CompilerThread0" daemon [_thread_in_native, id=12468, stack(0x0000007458e00000,0x0000007458f00000)]
  0x000001d4566c3b40 JavaThread "C1 CompilerThread0" daemon [_thread_blocked, id=27512, stack(0x0000007458f00000,0x0000007459000000)]
  0x000001d4566c6810 JavaThread "Sweeper thread" daemon [_thread_blocked, id=42560, stack(0x0000007459000000,0x0000007459100000)]
  0x000001d43d70c080 JavaThread "Common-Cleaner" daemon [_thread_blocked, id=44160, stack(0x0000007459100000,0x0000007459200000)]
  0x000001d456b210a0 JavaThread "Notification Thread" daemon [_thread_blocked, id=44956, stack(0x0000007459200000,0x0000007459300000)]
  0x000001d456f4c1f0 JavaThread "Active Thread: Equinox Container: 8e6e785e-ffa9-4274-a469-8a8582022103" [_thread_blocked, id=1188, stack(0x0000007459700000,0x0000007459800000)]
  0x000001d45714e0a0 JavaThread "Framework Event Dispatcher: Equinox Container: 8e6e785e-ffa9-4274-a469-8a8582022103" daemon [_thread_blocked, id=21716, stack(0x0000007459800000,0x0000007459900000)]
  0x000001d45714e580 JavaThread "Start Level: Equinox Container: 8e6e785e-ffa9-4274-a469-8a8582022103" daemon [_thread_blocked, id=13864, stack(0x0000007459900000,0x0000007459a00000)]
  0x000001d4570cb110 JavaThread "Bundle File Closer" daemon [_thread_blocked, id=43476, stack(0x0000007459a00000,0x0000007459b00000)]
  0x000001d45746f2c0 JavaThread "SCR Component Actor" daemon [_thread_blocked, id=42208, stack(0x0000007459b00000,0x0000007459c00000)]
  0x000001d45746c530 JavaThread "Worker-JM" [_thread_blocked, id=6336, stack(0x0000007459d00000,0x0000007459e00000)]
  0x000001d45746cf50 JavaThread "Worker-0" [_thread_blocked, id=7688, stack(0x0000007459e00000,0x0000007459f00000)]
  0x000001d45746d970 JavaThread "Worker-1" [_thread_blocked, id=38556, stack(0x0000007459f00000,0x000000745a000000)]
  0x000001d45746de80 JavaThread "Worker-2" [_thread_blocked, id=39308, stack(0x000000745a000000,0x000000745a100000)]
  0x000001d45746fce0 JavaThread "Java indexing" daemon [_thread_blocked, id=43572, stack(0x000000745a100000,0x000000745a200000)]
  0x000001d45746ca40 JavaThread "Worker-3" [_thread_blocked, id=12576, stack(0x000000745a200000,0x000000745a300000)]
  0x000001d45746e390 JavaThread "Worker-4" [_thread_blocked, id=41260, stack(0x000000745a300000,0x000000745a400000)]
  0x000001d45746edb0 JavaThread "JNA Cleaner" daemon [_thread_blocked, id=38584, stack(0x000000745a400000,0x000000745a500000)]
  0x000001d459400a30 JavaThread "pool-2-thread-1" [_thread_blocked, id=39924, stack(0x000000745a500000,0x000000745a600000)]
  0x000001d4593fc350 JavaThread "WorkspaceEventsHandler" [_thread_blocked, id=31252, stack(0x000000745a600000,0x000000745a700000)]
  0x000001d4593fd790 JavaThread "pool-1-thread-1" [_thread_in_native, id=18728, stack(0x000000745a700000,0x000000745a800000)]
  0x000001d4593fc860 JavaThread "Worker-5" [_thread_blocked, id=35276, stack(0x0000007459c00000,0x0000007459d00000)]
  0x000001d459401960 JavaThread "ForkJoinPool.commonPool-worker-1" daemon [_thread_blocked, id=28024, stack(0x000000745a800000,0x000000745a900000)]
  0x000001d4593fcd70 JavaThread "ForkJoinPool.commonPool-worker-2" daemon [_thread_blocked, id=42112, stack(0x000000745a900000,0x000000745aa00000)]
  0x000001d4593fe6c0 JavaThread "ForkJoinPool.commonPool-worker-3" daemon [_thread_blocked, id=44484, stack(0x000000745aa00000,0x000000745ab00000)]

Other Threads:
  0x000001d4514b77f0 VMThread "VM Thread" [stack: 0x0000007458700000,0x0000007458800000] [id=44328]
  0x000001d456b21b90 WatcherThread [stack: 0x0000007459300000,0x0000007459400000] [id=41608]
  0x000001d43d6bf020 GCTaskThread "GC Thread#0" [stack: 0x0000007458600000,0x0000007458700000] [id=44560]
  0x000001d456e91040 GCTaskThread "GC Thread#1" [stack: 0x0000007459400000,0x0000007459500000] [id=44316]
  0x000001d456e91300 GCTaskThread "GC Thread#2" [stack: 0x0000007459500000,0x0000007459600000] [id=31964]
  0x000001d456e915c0 GCTaskThread "GC Thread#3" [stack: 0x0000007459600000,0x0000007459700000] [id=39640]

Threads with active compile tasks:
C2 CompilerThread0    64978 12792       4       com.google.gson.internal.bind.TypeAdapterRuntimeTypeWrapper::write (80 bytes)

VM state: not at safepoint (normal execution)

VM Mutex/Monitor currently owned by a thread: None

Heap address: 0x00000000c0000000, size: 1024 MB, Compressed Oops mode: 32-bit

CDS archive(s) not mapped
Compressed class space mapped at: 0x0000000100000000-0x0000000140000000, reserved size: 1073741824
Narrow klass base: 0x0000000000000000, Narrow klass shift: 3, Narrow klass range: 0x140000000

GC Precious Log:
 CPUs: 4 total, 4 available
 Memory: 3819M
 Large Page Support: Disabled
 NUMA Support: Disabled
 Compressed Oops: Enabled (32-bit)
 Alignments: Space 512K, Generation 512K, Heap 2M
 Heap Min Capacity: 100M
 Heap Initial Capacity: 100M
 Heap Max Capacity: 1G
 Pre-touch: Disabled
 Parallel Workers: 4

Heap:
 PSYoungGen      total 3584K, used 1348K [0x00000000eab00000, 0x00000000eb580000, 0x0000000100000000)
  eden space 3072K, 27% used [0x00000000eab00000,0x00000000eabd6700,0x00000000eae00000)
  from space 512K, 95% used [0x00000000eb500000,0x00000000eb57a910,0x00000000eb580000)
  to   space 2048K, 0% used [0x00000000eb180000,0x00000000eb180000,0x00000000eb380000)
 ParOldGen       total 173056K, used 97301K [0x00000000c0000000, 0x00000000ca900000, 0x00000000eab00000)
  object space 173056K, 56% used [0x00000000c0000000,0x00000000c5f05488,0x00000000ca900000)
 Metaspace       used 76443K, committed 77888K, reserved 1179648K
  class space    used 7874K, committed 8512K, reserved 1048576K

Card table byte_map: [0x000001d43d040000,0x000001d43d250000] _byte_map_base: 0x000001d43ca40000

Marking Bits: (ParMarkBitMap*) 0x00007ff9b1c283a0
 Begin Bits: [0x000001d44f320000, 0x000001d450320000)
 End Bits:   [0x000001d450320000, 0x000001d451320000)

Polling page: 0x000001d43b650000

Metaspace:

Usage:
  Non-class:     66.96 MB used.
      Class:      7.69 MB used.
       Both:     74.65 MB used.

Virtual space:
  Non-class space:      128.00 MB reserved,      67.75 MB ( 53%) committed,  2 nodes.
      Class space:        1.00 GB reserved,       8.31 MB ( <1%) committed,  1 nodes.
             Both:        1.12 GB reserved,      76.06 MB (  7%) committed. 

Chunk freelists:
   Non-Class:  11.97 MB
       Class:  7.51 MB
        Both:  19.48 MB

MaxMetaspaceSize: unlimited
CompressedClassSpaceSize: 1.00 GB
Initial GC threshold: 21.00 MB
Current GC threshold: 126.38 MB
CDS: off
MetaspaceReclaimPolicy: balanced
 - commit_granule_bytes: 65536.
 - commit_granule_words: 8192.
 - virtual_space_node_default_size: 8388608.
 - enlarge_chunks_in_place: 1.
 - new_chunks_are_fully_committed: 0.
 - uncommit_free_chunks: 1.
 - use_allocation_guard: 0.
 - handle_deallocations: 1.


Internal statistics:

num_allocs_failed_limit: 9.
num_arena_births: 922.
num_arena_deaths: 28.
num_vsnodes_births: 3.
num_vsnodes_deaths: 0.
num_space_committed: 1217.
num_space_uncommitted: 0.
num_chunks_returned_to_freelist: 40.
num_chunks_taken_from_freelist: 4275.
num_chunk_merges: 15.
num_chunk_splits: 2572.
num_chunks_enlarged: 1365.
num_inconsistent_stats: 0.

CodeHeap 'non-profiled nmethods': size=120000Kb used=7127Kb max_used=7127Kb free=112872Kb
 bounds [0x000001d447df0000, 0x000001d4484f0000, 0x000001d44f320000]
CodeHeap 'profiled nmethods': size=120000Kb used=24505Kb max_used=24505Kb free=95494Kb
 bounds [0x000001d440320000, 0x000001d441b20000, 0x000001d447850000]
CodeHeap 'non-nmethods': size=5760Kb used=1388Kb max_used=1438Kb free=4371Kb
 bounds [0x000001d447850000, 0x000001d447ac0000, 0x000001d447df0000]
 total_blobs=11601 nmethods=10872 adapters=641
 compilation: enabled
              stopped_count=0, restarted_count=0
 full_count=0

Compilation events (20 events):
Event: 64.840 Thread 0x000001d4566c3b40 12783   !   3       org.eclipse.jdt.core.dom.SimpleType::getName (61 bytes)
Event: 64.840 Thread 0x000001d45150cfb0 nmethod 12779 0x000001d4484e4e90 code [0x000001d4484e5020, 0x000001d4484e54b8]
Event: 64.840 Thread 0x000001d4566c3b40 nmethod 12783 0x000001d441b0c990 code [0x000001d441b0cbc0, 0x000001d441b0d4f8]
Event: 64.840 Thread 0x000001d4566c3b40 12784       3       org.eclipse.jdt.core.dom.ASTNode::setProperty (215 bytes)
Event: 64.841 Thread 0x000001d4566c3b40 nmethod 12784 0x000001d441b0da10 code [0x000001d441b0dd20, 0x000001d441b0ef58]
Event: 64.841 Thread 0x000001d4566c3b40 12785       3       org.eclipse.jdt.core.dom.ASTVisitor::endVisit (1 bytes)
Event: 64.841 Thread 0x000001d4566c3b40 nmethod 12785 0x000001d441b0f310 code [0x000001d441b0f4a0, 0x000001d441b0f5b8]
Event: 64.842 Thread 0x000001d4566c3b40 12786       3       org.eclipse.jdt.core.dom.ASTVisitor::endVisit (1 bytes)
Event: 64.842 Thread 0x000001d4566c3b40 nmethod 12786 0x000001d441b0f690 code [0x000001d441b0f820, 0x000001d441b0f938]
Event: 64.842 Thread 0x000001d4566c3b40 12787       1       org.eclipse.jdt.core.dom.ASTVisitor::visit (2 bytes)
Event: 64.842 Thread 0x000001d4566c3b40 nmethod 12787 0x000001d4484e5790 code [0x000001d4484e5920, 0x000001d4484e59f8]
Event: 64.842 Thread 0x000001d4566c3b40 12788       1       org.eclipse.jdt.core.dom.AbstractTypeDeclaration::bodyDeclarations (5 bytes)
Event: 64.842 Thread 0x000001d4566c3b40 nmethod 12788 0x000001d4484e5a90 code [0x000001d4484e5c20, 0x000001d4484e5cf8]
Event: 64.843 Thread 0x000001d4566c3b40 12789       3       org.eclipse.jdt.core.dom.ASTVisitor::endVisit (1 bytes)
Event: 64.843 Thread 0x000001d4566c3b40 nmethod 12789 0x000001d441b0fa10 code [0x000001d441b0fba0, 0x000001d441b0fcb8]
Event: 64.843 Thread 0x000001d4566c3b40 12790       3       org.eclipse.jdt.core.dom.IfStatement::accept0 (43 bytes)
Event: 64.843 Thread 0x000001d4566c3b40 nmethod 12790 0x000001d441b0fd90 code [0x000001d441b0ffc0, 0x000001d441b105c8]
Event: 64.843 Thread 0x000001d4566c3b40 12791       3       org.eclipse.lsp4j.jsonrpc.messages.Either::isRight (13 bytes)
Event: 64.843 Thread 0x000001d4566c3b40 nmethod 12791 0x000001d441b10810 code [0x000001d441b109a0, 0x000001d441b10b18]
Event: 64.843 Thread 0x000001d45150cfb0 12792       4       com.google.gson.internal.bind.TypeAdapterRuntimeTypeWrapper::write (80 bytes)

GC Heap History (20 events):
Event: 62.481 GC heap before
{Heap before GC invocations=122 (full 7):
 PSYoungGen      total 2560K, used 2560K [0x00000000eab00000, 0x00000000eb880000, 0x0000000100000000)
  eden space 1536K, 100% used [0x00000000eab00000,0x00000000eac80000,0x00000000eac80000)
  from space 1024K, 100% used [0x00000000eb780000,0x00000000eb880000,0x00000000eb880000)
  to   space 1536K, 0% used [0x00000000eb580000,0x00000000eb580000,0x00000000eb700000)
 ParOldGen       total 173056K, used 94505K [0x00000000c0000000, 0x00000000ca900000, 0x00000000eab00000)
  object space 173056K, 54% used [0x00000000c0000000,0x00000000c5c4a430,0x00000000ca900000)
 Metaspace       used 76323K, committed 77696K, reserved 1179648K
  class space    used 7874K, committed 8512K, reserved 1048576K
}
Event: 62.483 GC heap after
{Heap after GC invocations=122 (full 7):
 PSYoungGen      total 3072K, used 1524K [0x00000000eab00000, 0x00000000eb800000, 0x0000000100000000)
  eden space 1536K, 0% used [0x00000000eab00000,0x00000000eab00000,0x00000000eac80000)
  from space 1536K, 99% used [0x00000000eb580000,0x00000000eb6fd200,0x00000000eb700000)
  to   space 1024K, 0% used [0x00000000eb700000,0x00000000eb700000,0x00000000eb800000)
 ParOldGen       total 173056K, used 94545K [0x00000000c0000000, 0x00000000ca900000, 0x00000000eab00000)
  object space 173056K, 54% used [0x00000000c0000000,0x00000000c5c54430,0x00000000ca900000)
 Metaspace       used 76323K, committed 77696K, reserved 1179648K
  class space    used 7874K, committed 8512K, reserved 1048576K
}
Event: 62.593 GC heap before
{Heap before GC invocations=123 (full 7):
 PSYoungGen      total 3072K, used 3060K [0x00000000eab00000, 0x00000000eb800000, 0x0000000100000000)
  eden space 1536K, 100% used [0x00000000eab00000,0x00000000eac80000,0x00000000eac80000)
  from space 1536K, 99% used [0x00000000eb580000,0x00000000eb6fd200,0x00000000eb700000)
  to   space 1024K, 0% used [0x00000000eb700000,0x00000000eb700000,0x00000000eb800000)
 ParOldGen       total 173056K, used 94545K [0x00000000c0000000, 0x00000000ca900000, 0x00000000eab00000)
  object space 173056K, 54% used [0x00000000c0000000,0x00000000c5c54430,0x00000000ca900000)
 Metaspace       used 76331K, committed 77696K, reserved 1179648K
  class space    used 7874K, committed 8512K, reserved 1048576K
}
Event: 62.598 GC heap after
{Heap after GC invocations=123 (full 7):
 PSYoungGen      total 2560K, used 1024K [0x00000000eab00000, 0x00000000eb800000, 0x0000000100000000)
  eden space 1536K, 0% used [0x00000000eab00000,0x00000000eab00000,0x00000000eac80000)
  from space 1024K, 100% used [0x00000000eb700000,0x00000000eb800000,0x00000000eb800000)
  to   space 2048K, 0% used [0x00000000eb400000,0x00000000eb400000,0x00000000eb600000)
 ParOldGen       total 173056K, used 95121K [0x00000000c0000000, 0x00000000ca900000, 0x00000000eab00000)
  object space 173056K, 54% used [0x00000000c0000000,0x00000000c5ce4430,0x00000000ca900000)
 Metaspace       used 76331K, committed 77696K, reserved 1179648K
  class space    used 7874K, committed 8512K, reserved 1048576K
}
Event: 62.625 GC heap before
{Heap before GC invocations=124 (full 7):
 PSYoungGen      total 2560K, used 2560K [0x00000000eab00000, 0x00000000eb800000, 0x0000000100000000)
  eden space 1536K, 100% used [0x00000000eab00000,0x00000000eac80000,0x00000000eac80000)
  from space 1024K, 100% used [0x00000000eb700000,0x00000000eb800000,0x00000000eb800000)
  to   space 2048K, 0% used [0x00000000eb400000,0x00000000eb400000,0x00000000eb600000)
 ParOldGen       total 173056K, used 95121K [0x00000000c0000000, 0x00000000ca900000, 0x00000000eab00000)
  object space 173056K, 54% used [0x00000000c0000000,0x00000000c5ce4430,0x00000000ca900000)
 Metaspace       used 76343K, committed 77696K, reserved 1179648K
  class space    used 7874K, committed 8512K, reserved 1048576K
}
Event: 62.626 GC heap after
{Heap after GC invocations=124 (full 7):
 PSYoungGen      total 3584K, used 1280K [0x00000000eab00000, 0x00000000eb780000, 0x0000000100000000)
  eden space 1536K, 0% used [0x00000000eab00000,0x00000000eab00000,0x00000000eac80000)
  from space 2048K, 62% used [0x00000000eb400000,0x00000000eb540000,0x00000000eb600000)
  to   space 1536K, 0% used [0x00000000eb600000,0x00000000eb600000,0x00000000eb780000)
 ParOldGen       total 173056K, used 95121K [0x00000000c0000000, 0x00000000ca900000, 0x00000000eab00000)
  object space 173056K, 54% used [0x00000000c0000000,0x00000000c5ce4430,0x00000000ca900000)
 Metaspace       used 76343K, committed 77696K, reserved 1179648K
  class space    used 7874K, committed 8512K, reserved 1048576K
}
Event: 64.307 GC heap before
{Heap before GC invocations=125 (full 7):
 PSYoungGen      total 3584K, used 2816K [0x00000000eab00000, 0x00000000eb780000, 0x0000000100000000)
  eden space 1536K, 100% used [0x00000000eab00000,0x00000000eac80000,0x00000000eac80000)
  from space 2048K, 62% used [0x00000000eb400000,0x00000000eb540000,0x00000000eb600000)
  to   space 1536K, 0% used [0x00000000eb600000,0x00000000eb600000,0x00000000eb780000)
 ParOldGen       total 173056K, used 95121K [0x00000000c0000000, 0x00000000ca900000, 0x00000000eab00000)
  object space 173056K, 54% used [0x00000000c0000000,0x00000000c5ce4430,0x00000000ca900000)
 Metaspace       used 76351K, committed 77696K, reserved 1179648K
  class space    used 7874K, committed 8512K, reserved 1048576K
}
Event: 64.308 GC heap after
{Heap after GC invocations=125 (full 7):
 PSYoungGen      total 3072K, used 1344K [0x00000000eab00000, 0x00000000eb780000, 0x0000000100000000)
  eden space 1536K, 0% used [0x00000000eab00000,0x00000000eab00000,0x00000000eac80000)
  from space 1536K, 87% used [0x00000000eb600000,0x00000000eb750000,0x00000000eb780000)
  to   space 1536K, 0% used [0x00000000eb480000,0x00000000eb480000,0x00000000eb600000)
 ParOldGen       total 173056K, used 95121K [0x00000000c0000000, 0x00000000ca900000, 0x00000000eab00000)
  object space 173056K, 54% used [0x00000000c0000000,0x00000000c5ce4430,0x00000000ca900000)
 Metaspace       used 76351K, committed 77696K, reserved 1179648K
  class space    used 7874K, committed 8512K, reserved 1048576K
}
Event: 64.409 GC heap before
{Heap before GC invocations=126 (full 7):
 PSYoungGen      total 3072K, used 2879K [0x00000000eab00000, 0x00000000eb780000, 0x0000000100000000)
  eden space 1536K, 99% used [0x00000000eab00000,0x00000000eac7ff40,0x00000000eac80000)
  from space 1536K, 87% used [0x00000000eb600000,0x00000000eb750000,0x00000000eb780000)
  to   space 1536K, 0% used [0x00000000eb480000,0x00000000eb480000,0x00000000eb600000)
 ParOldGen       total 173056K, used 95121K [0x00000000c0000000, 0x00000000ca900000, 0x00000000eab00000)
  object space 173056K, 54% used [0x00000000c0000000,0x00000000c5ce4430,0x00000000ca900000)
 Metaspace       used 76355K, committed 77696K, reserved 1179648K
  class space    used 7874K, committed 8512K, reserved 1048576K
}
Event: 64.411 GC heap after
{Heap after GC invocations=126 (full 7):
 PSYoungGen      total 3072K, used 1364K [0x00000000eab00000, 0x00000000eb680000, 0x0000000100000000)
  eden space 1536K, 0% used [0x00000000eab00000,0x00000000eab00000,0x00000000eac80000)
  from space 1536K, 88% used [0x00000000eb480000,0x00000000eb5d5200,0x00000000eb600000)
  to   space 512K, 0% used [0x00000000eb600000,0x00000000eb600000,0x00000000eb680000)
 ParOldGen       total 173056K, used 95121K [0x00000000c0000000, 0x00000000ca900000, 0x00000000eab00000)
  object space 173056K, 54% used [0x00000000c0000000,0x00000000c5ce4430,0x00000000ca900000)
 Metaspace       used 76355K, committed 77696K, reserved 1179648K
  class space    used 7874K, committed 8512K, reserved 1048576K
}
Event: 64.426 GC heap before
{Heap before GC invocations=127 (full 7):
 PSYoungGen      total 3072K, used 2900K [0x00000000eab00000, 0x00000000eb680000, 0x0000000100000000)
  eden space 1536K, 100% used [0x00000000eab00000,0x00000000eac80000,0x00000000eac80000)
  from space 1536K, 88% used [0x00000000eb480000,0x00000000eb5d5200,0x00000000eb600000)
  to   space 512K, 0% used [0x00000000eb600000,0x00000000eb600000,0x00000000eb680000)
 ParOldGen       total 173056K, used 95121K [0x00000000c0000000, 0x00000000ca900000, 0x00000000eab00000)
  object space 173056K, 54% used [0x00000000c0000000,0x00000000c5ce4430,0x00000000ca900000)
 Metaspace       used 76355K, committed 77696K, reserved 1179648K
  class space    used 7874K, committed 8512K, reserved 1048576K
}
Event: 64.427 GC heap after
{Heap after GC invocations=127 (full 7):
 PSYoungGen      total 2048K, used 484K [0x00000000eab00000, 0x00000000eb680000, 0x0000000100000000)
  eden space 1536K, 0% used [0x00000000eab00000,0x00000000eab00000,0x00000000eac80000)
  from space 512K, 94% used [0x00000000eb600000,0x00000000eb679210,0x00000000eb680000)
  to   space 1536K, 0% used [0x00000000eb380000,0x00000000eb380000,0x00000000eb500000)
 ParOldGen       total 173056K, used 96137K [0x00000000c0000000, 0x00000000ca900000, 0x00000000eab00000)
  object space 173056K, 55% used [0x00000000c0000000,0x00000000c5de2440,0x00000000ca900000)
 Metaspace       used 76355K, committed 77696K, reserved 1179648K
  class space    used 7874K, committed 8512K, reserved 1048576K
}
Event: 64.438 GC heap before
{Heap before GC invocations=128 (full 7):
 PSYoungGen      total 2048K, used 2020K [0x00000000eab00000, 0x00000000eb680000, 0x0000000100000000)
  eden space 1536K, 99% used [0x00000000eab00000,0x00000000eac7ffe8,0x00000000eac80000)
  from space 512K, 94% used [0x00000000eb600000,0x00000000eb679210,0x00000000eb680000)
  to   space 1536K, 0% used [0x00000000eb380000,0x00000000eb380000,0x00000000eb500000)
 ParOldGen       total 173056K, used 96137K [0x00000000c0000000, 0x00000000ca900000, 0x00000000eab00000)
  object space 173056K, 55% used [0x00000000c0000000,0x00000000c5de2440,0x00000000ca900000)
 Metaspace       used 76364K, committed 77760K, reserved 1179648K
  class space    used 7874K, committed 8512K, reserved 1048576K
}
Event: 64.439 GC heap after
{Heap after GC invocations=128 (full 7):
 PSYoungGen      total 3072K, used 884K [0x00000000eab00000, 0x00000000eb680000, 0x0000000100000000)
  eden space 1536K, 0% used [0x00000000eab00000,0x00000000eab00000,0x00000000eac80000)
  from space 1536K, 57% used [0x00000000eb380000,0x00000000eb45d200,0x00000000eb500000)
  to   space 1536K, 0% used [0x00000000eb500000,0x00000000eb500000,0x00000000eb680000)
 ParOldGen       total 173056K, used 96155K [0x00000000c0000000, 0x00000000ca900000, 0x00000000eab00000)
  object space 173056K, 55% used [0x00000000c0000000,0x00000000c5de6e40,0x00000000ca900000)
 Metaspace       used 76364K, committed 77760K, reserved 1179648K
  class space    used 7874K, committed 8512K, reserved 1048576K
}
Event: 64.452 GC heap before
{Heap before GC invocations=129 (full 7):
 PSYoungGen      total 3072K, used 2420K [0x00000000eab00000, 0x00000000eb680000, 0x0000000100000000)
  eden space 1536K, 100% used [0x00000000eab00000,0x00000000eac80000,0x00000000eac80000)
  from space 1536K, 57% used [0x00000000eb380000,0x00000000eb45d200,0x00000000eb500000)
  to   space 1536K, 0% used [0x00000000eb500000,0x00000000eb500000,0x00000000eb680000)
 ParOldGen       total 173056K, used 96155K [0x00000000c0000000, 0x00000000ca900000, 0x00000000eab00000)
  object space 173056K, 55% used [0x00000000c0000000,0x00000000c5de6e40,0x00000000ca900000)
 Metaspace       used 76381K, committed 77760K, reserved 1179648K
  class space    used 7874K, committed 8512K, reserved 1048576K
}
Event: 64.454 GC heap after
{Heap after GC invocations=129 (full 7):
 PSYoungGen      total 3584K, used 1102K [0x00000000eab00000, 0x00000000eb680000, 0x0000000100000000)
  eden space 2048K, 0% used [0x00000000eab00000,0x00000000eab00000,0x00000000ead00000)
  from space 1536K, 71% used [0x00000000eb500000,0x00000000eb613b20,0x00000000eb680000)
  to   space 1536K, 0% used [0x00000000eb380000,0x00000000eb380000,0x00000000eb500000)
 ParOldGen       total 173056K, used 96155K [0x00000000c0000000, 0x00000000ca900000, 0x00000000eab00000)
  object space 173056K, 55% used [0x00000000c0000000,0x00000000c5de6e40,0x00000000ca900000)
 Metaspace       used 76381K, committed 77760K, reserved 1179648K
  class space    used 7874K, committed 8512K, reserved 1048576K
}
Event: 64.466 GC heap before
{Heap before GC invocations=130 (full 7):
 PSYoungGen      total 3584K, used 3150K [0x00000000eab00000, 0x00000000eb680000, 0x0000000100000000)
  eden space 2048K, 99% used [0x00000000eab00000,0x00000000eacfffd8,0x00000000ead00000)
  from space 1536K, 71% used [0x00000000eb500000,0x00000000eb613b20,0x00000000eb680000)
  to   space 1536K, 0% used [0x00000000eb380000,0x00000000eb380000,0x00000000eb500000)
 ParOldGen       total 173056K, used 96155K [0x00000000c0000000, 0x00000000ca900000, 0x00000000eab00000)
  object space 173056K, 55% used [0x00000000c0000000,0x00000000c5de6e40,0x00000000ca900000)
 Metaspace       used 76385K, committed 77760K, reserved 1179648K
  class space    used 7874K, committed 8512K, reserved 1048576K
}
Event: 64.469 GC heap after
{Heap after GC invocations=130 (full 7):
 PSYoungGen      total 4096K, used 1406K [0x00000000eab00000, 0x00000000eb580000, 0x0000000100000000)
  eden space 2560K, 0% used [0x00000000eab00000,0x00000000eab00000,0x00000000ead80000)
  from space 1536K, 91% used [0x00000000eb380000,0x00000000eb4dfb10,0x00000000eb500000)
  to   space 512K, 0% used [0x00000000eb500000,0x00000000eb500000,0x00000000eb580000)
 ParOldGen       total 173056K, used 96155K [0x00000000c0000000, 0x00000000ca900000, 0x00000000eab00000)
  object space 173056K, 55% used [0x00000000c0000000,0x00000000c5de6e40,0x00000000ca900000)
 Metaspace       used 76385K, committed 77760K, reserved 1179648K
  class space    used 7874K, committed 8512K, reserved 1048576K
}
Event: 64.830 GC heap before
{Heap before GC invocations=131 (full 7):
 PSYoungGen      total 4096K, used 3966K [0x00000000eab00000, 0x00000000eb580000, 0x0000000100000000)
  eden space 2560K, 100% used [0x00000000eab00000,0x00000000ead80000,0x00000000ead80000)
  from space 1536K, 91% used [0x00000000eb380000,0x00000000eb4dfb10,0x00000000eb500000)
  to   space 512K, 0% used [0x00000000eb500000,0x00000000eb500000,0x00000000eb580000)
 ParOldGen       total 173056K, used 96155K [0x00000000c0000000, 0x00000000ca900000, 0x00000000eab00000)
  object space 173056K, 55% used [0x00000000c0000000,0x00000000c5de6e40,0x00000000ca900000)
 Metaspace       used 76435K, committed 77888K, reserved 1179648K
  class space    used 7874K, committed 8512K, reserved 1048576K
}
Event: 64.833 GC heap after
{Heap after GC invocations=131 (full 7):
 PSYoungGen      total 3584K, used 490K [0x00000000eab00000, 0x00000000eb580000, 0x0000000100000000)
  eden space 3072K, 0% used [0x00000000eab00000,0x00000000eab00000,0x00000000eae00000)
  from space 512K, 95% used [0x00000000eb500000,0x00000000eb57a910,0x00000000eb580000)
  to   space 2048K, 0% used [0x00000000eb180000,0x00000000eb180000,0x00000000eb380000)
 ParOldGen       total 173056K, used 97301K [0x00000000c0000000, 0x00000000ca900000, 0x00000000eab00000)
  object space 173056K, 56% used [0x00000000c0000000,0x00000000c5f05488,0x00000000ca900000)
 Metaspace       used 76435K, committed 77888K, reserved 1179648K
  class space    used 7874K, committed 8512K, reserved 1048576K
}

Dll operation events (10 events):
Event: 0.020 Loaded shared library c:\Users\srbec\.vscode\extensions\redhat.java-1.23.0-win32-x64\jre\17.0.8.1-win32-x86_64\bin\java.dll
Event: 0.532 Loaded shared library c:\Users\srbec\.vscode\extensions\redhat.java-1.23.0-win32-x64\jre\17.0.8.1-win32-x86_64\bin\zip.dll
Event: 0.538 Loaded shared library C:\Users\srbec\.vscode\extensions\redhat.java-1.23.0-win32-x64\jre\17.0.8.1-win32-x86_64\bin\instrument.dll
Event: 0.562 Loaded shared library C:\Users\srbec\.vscode\extensions\redhat.java-1.23.0-win32-x64\jre\17.0.8.1-win32-x86_64\bin\net.dll
Event: 0.567 Loaded shared library C:\Users\srbec\.vscode\extensions\redhat.java-1.23.0-win32-x64\jre\17.0.8.1-win32-x86_64\bin\nio.dll
Event: 0.573 Loaded shared library C:\Users\srbec\.vscode\extensions\redhat.java-1.23.0-win32-x64\jre\17.0.8.1-win32-x86_64\bin\zip.dll
Event: 0.604 Loaded shared library C:\Users\srbec\.vscode\extensions\redhat.java-1.23.0-win32-x64\jre\17.0.8.1-win32-x86_64\bin\jimage.dll
Event: 0.791 Loaded shared library c:\Users\srbec\.vscode\extensions\redhat.java-1.23.0-win32-x64\jre\17.0.8.1-win32-x86_64\bin\verify.dll
Event: 2.475 Loaded shared library C:\Users\srbec\AppData\Roaming\Code\User\globalStorage\redhat.java\1.23.0\config_win\org.eclipse.equinox.launcher\org.eclipse.equinox.launcher.win32.win32.x86_64_1.2.700.v20221108-1024\eclipse_11801.dll
Event: 9.682 Loaded shared library C:\Users\srbec\AppData\Local\Temp\jna-109698497\jna16356151046930022734.dll

Deoptimization events (20 events):
Event: 61.875 Thread 0x000001d45746de80 Uncommon trap: trap_request=0xffffffc6 fr.pc=0x000001d44845823c relative=0x000000000000061c
Event: 61.875 Thread 0x000001d45746de80 Uncommon trap: reason=bimorphic_or_optimized_type_check action=maybe_recompile pc=0x000001d44845823c method=java.util.stream.AbstractPipeline.exactOutputSizeIfKnown(Ljava/util/Spliterator;)J @ 16 c2
Event: 61.875 Thread 0x000001d45746de80 DEOPT PACKING pc=0x000001d44845823c sp=0x000000745a0fe220
Event: 61.875 Thread 0x000001d45746de80 DEOPT UNPACKING pc=0x000001d4478a9ea3 sp=0x000000745a0fe070 mode 2
Event: 61.878 Thread 0x000001d45746de80 Uncommon trap: trap_request=0xffffffde fr.pc=0x000001d4482d17a8 relative=0x0000000000000928
Event: 61.878 Thread 0x000001d45746de80 Uncommon trap: reason=class_check action=maybe_recompile pc=0x000001d4482d17a8 method=java.util.HashMap.computeIfAbsent(Ljava/lang/Object;Ljava/util/function/Function;)Ljava/lang/Object; @ 142 c2
Event: 61.878 Thread 0x000001d45746de80 DEOPT PACKING pc=0x000001d4482d17a8 sp=0x000000745a0fd9d0
Event: 61.878 Thread 0x000001d45746de80 DEOPT UNPACKING pc=0x000001d4478a9ea3 sp=0x000000745a0fd978 mode 2
Event: 61.915 Thread 0x000001d45746fce0 DEOPT PACKING pc=0x000001d4406ace68 sp=0x000000745a1fefd0
Event: 61.915 Thread 0x000001d45746fce0 DEOPT UNPACKING pc=0x000001d4478aa9e3 sp=0x000000745a1fe4a8 mode 0
Event: 62.045 Thread 0x000001d45746fce0 DEOPT PACKING pc=0x000001d440d5e7c2 sp=0x000000745a1fee70
Event: 62.045 Thread 0x000001d45746fce0 DEOPT UNPACKING pc=0x000001d4478aa9e3 sp=0x000000745a1fe3b0 mode 0
Event: 64.437 Thread 0x000001d45746ca40 Uncommon trap: trap_request=0xffffffd6 fr.pc=0x000001d4484c252c relative=0x0000000000002d6c
Event: 64.437 Thread 0x000001d45746ca40 Uncommon trap: reason=array_check action=maybe_recompile pc=0x000001d4484c252c method=java.util.TimSort.reverseRange([Ljava/lang/Object;II)V @ 27 c2
Event: 64.437 Thread 0x000001d45746ca40 DEOPT PACKING pc=0x000001d4484c252c sp=0x000000745a2fd9d0
Event: 64.437 Thread 0x000001d45746ca40 DEOPT UNPACKING pc=0x000001d4478a9ea3 sp=0x000000745a2fd8d8 mode 2
Event: 64.437 Thread 0x000001d45746ca40 Uncommon trap: trap_request=0xffffffd6 fr.pc=0x000001d4484c252c relative=0x0000000000002d6c
Event: 64.437 Thread 0x000001d45746ca40 Uncommon trap: reason=array_check action=maybe_recompile pc=0x000001d4484c252c method=java.util.TimSort.reverseRange([Ljava/lang/Object;II)V @ 27 c2
Event: 64.437 Thread 0x000001d45746ca40 DEOPT PACKING pc=0x000001d4484c252c sp=0x000000745a2fe490
Event: 64.437 Thread 0x000001d45746ca40 DEOPT UNPACKING pc=0x000001d4478a9ea3 sp=0x000000745a2fe398 mode 2

Classes unloaded (14 events):
Event: 8.203 Thread 0x000001d4514b77f0 Unloading class 0x0000000100250000 'java/lang/invoke/LambdaForm$MH+0x0000000100250000'
Event: 8.203 Thread 0x000001d4514b77f0 Unloading class 0x000000010024fc00 'java/lang/invoke/LambdaForm$MH+0x000000010024fc00'
Event: 8.203 Thread 0x000001d4514b77f0 Unloading class 0x000000010024f800 'java/lang/invoke/LambdaForm$MH+0x000000010024f800'
Event: 8.203 Thread 0x000001d4514b77f0 Unloading class 0x000000010024f400 'java/lang/invoke/LambdaForm$MH+0x000000010024f400'
Event: 8.203 Thread 0x000001d4514b77f0 Unloading class 0x000000010024f000 'java/lang/invoke/LambdaForm$BMH+0x000000010024f000'
Event: 8.203 Thread 0x000001d4514b77f0 Unloading class 0x000000010024ec00 'java/lang/invoke/LambdaForm$DMH+0x000000010024ec00'
Event: 8.203 Thread 0x000001d4514b77f0 Unloading class 0x000000010024c000 'java/lang/invoke/LambdaForm$DMH+0x000000010024c000'
Event: 25.470 Thread 0x000001d4514b77f0 Unloading class 0x000000010076c800 'java/lang/invoke/LambdaForm$DMH+0x000000010076c800'
Event: 58.949 Thread 0x000001d4514b77f0 Unloading class 0x000000010080b000 'java/lang/invoke/LambdaForm$MH+0x000000010080b000'
Event: 58.949 Thread 0x000001d4514b77f0 Unloading class 0x000000010080ac00 'java/lang/invoke/LambdaForm$MH+0x000000010080ac00'
Event: 58.949 Thread 0x000001d4514b77f0 Unloading class 0x000000010080a800 'java/lang/invoke/LambdaForm$MH+0x000000010080a800'
Event: 58.949 Thread 0x000001d4514b77f0 Unloading class 0x000000010080a000 'java/lang/invoke/LambdaForm$DMH+0x000000010080a000'
Event: 58.949 Thread 0x000001d4514b77f0 Unloading class 0x0000000100809800 'java/lang/invoke/LambdaForm$DMH+0x0000000100809800'
Event: 58.949 Thread 0x000001d4514b77f0 Unloading class 0x0000000100809c00 'java/lang/invoke/LambdaForm$DMH+0x0000000100809c00'

Classes redefined (0 events):
No events

Internal exceptions (20 events):
Event: 28.416 Thread 0x000001d4593fcd70 Implicit null exception at 0x000001d44802b69e to 0x000001d44802b9a4
Event: 28.865 Thread 0x000001d4593fcd70 Exception <a 'java/lang/NoSuchMethodError'{0x00000000eaf6fcc8}: 'java.lang.Object java.lang.invoke.DirectMethodHandle$Holder.newInvokeSpecial(java.lang.Object, java.lang.Object, int, java.lang.Object, java.lang.Object)'> (0x00000000eaf6fcc8) 
thrown [s\src\hotspot\share\interpreter\linkResolver.cpp, line 759]
Event: 28.906 Thread 0x000001d4593fcd70 Exception <a 'java/lang/NoSuchMethodError'{0x00000000eafb04e8}: 'java.lang.Object java.lang.invoke.DirectMethodHandle$Holder.invokeStatic(java.lang.Object, int, java.lang.Object, java.lang.Object)'> (0x00000000eafb04e8) 
thrown [s\src\hotspot\share\interpreter\linkResolver.cpp, line 759]
Event: 28.906 Thread 0x000001d4593fcd70 Exception <a 'java/lang/NoSuchMethodError'{0x00000000eafb4578}: 'java.lang.Object java.lang.invoke.DelegatingMethodHandle$Holder.delegate(java.lang.Object, int, java.lang.Object, java.lang.Object)'> (0x00000000eafb4578) 
thrown [s\src\hotspot\share\interpreter\linkResolver.cpp, line 759]
Event: 28.914 Thread 0x000001d4593fcd70 Exception <a 'java/lang/NoSuchMethodError'{0x00000000eafc99e8}: 'int java.lang.invoke.Invokers$Holder.linkToTargetMethod(java.lang.Object, java.lang.Object, java.lang.Object)'> (0x00000000eafc99e8) 
thrown [s\src\hotspot\share\interpreter\linkResolver.cpp, line 759]
Event: 29.016 Thread 0x000001d4593fcd70 Exception <a 'java/lang/NoSuchMethodError'{0x00000000eb1b6218}: 'java.lang.Object java.lang.invoke.DirectMethodHandle$Holder.invokeStatic(java.lang.Object, java.lang.Object, int, java.lang.Object, java.lang.Object)'> (0x00000000eb1b6218) 
thrown [s\src\hotspot\share\interpreter\linkResolver.cpp, line 759]
Event: 29.056 Thread 0x000001d4593fcd70 Exception <a 'java/lang/NoSuchMethodError'{0x00000000eab27488}: 'void java.lang.invoke.DirectMethodHandle$Holder.invokeStatic(java.lang.Object, int)'> (0x00000000eab27488) 
thrown [s\src\hotspot\share\interpreter\linkResolver.cpp, line 759]
Event: 29.479 Thread 0x000001d4593fcd70 Exception <a 'java/io/FileNotFoundException'{0x00000000eb1579d0}> (0x00000000eb1579d0) 
thrown [s\src\hotspot\share\prims\jni.cpp, line 516]
Event: 29.479 Thread 0x000001d4593fcd70 Exception <a 'java/io/FileNotFoundException'{0x00000000eb158d40}> (0x00000000eb158d40) 
thrown [s\src\hotspot\share\prims\jni.cpp, line 516]
Event: 30.117 Thread 0x000001d4593fcd70 Exception <a 'java/lang/NoSuchMethodError'{0x00000000eaf15108}: 'java.lang.Object java.lang.invoke.DirectMethodHandle$Holder.invokeVirtual(java.lang.Object, java.lang.Object, java.lang.Object)'> (0x00000000eaf15108) 
thrown [s\src\hotspot\share\interpreter\linkResolver.cpp, line 759]
Event: 30.576 Thread 0x000001d45746e390 Exception <a 'java/io/FileNotFoundException'{0x00000000eae52e88}> (0x00000000eae52e88) 
thrown [s\src\hotspot\share\prims\jni.cpp, line 516]
Event: 30.611 Thread 0x000001d45746e390 Exception <a 'java/lang/NoSuchMethodError'{0x00000000eaf320e8}: 'void java.lang.invoke.DirectMethodHandle$Holder.invokeSpecial(java.lang.Object, java.lang.Object, java.lang.Object, java.lang.Object, java.lang.Object)'> (0x00000000eaf320e8) 
thrown [s\src\hotspot\share\interpreter\linkResolver.cpp, line 759]
Event: 50.099 Thread 0x000001d45746fce0 Exception <a 'sun/nio/fs/WindowsException'{0x00000000eb05e478}> (0x00000000eb05e478) 
thrown [s\src\hotspot\share\prims\jni.cpp, line 516]
Event: 50.740 Thread 0x000001d4593fe6c0 Exception <a 'java/lang/NoSuchMethodError'{0x00000000eabe4fd8}: 'java.lang.Object java.lang.invoke.DirectMethodHandle$Holder.invokeStatic(java.lang.Object, int, java.lang.Object)'> (0x00000000eabe4fd8) 
thrown [s\src\hotspot\share\interpreter\linkResolver.cpp, line 759]
Event: 55.606 Thread 0x000001d4593fcd70 Exception <a 'java/lang/ArrayIndexOutOfBoundsException'{0x00000000eacd3ff8}> (0x00000000eacd3ff8) 
thrown [s\src\hotspot\share\runtime\sharedRuntime.cpp, line 628]
Event: 56.873 Thread 0x000001d4593fe6c0 Exception <a 'java/lang/ArrayIndexOutOfBoundsException'{0x00000000eab15108}: Index 1009 out of bounds for length 1008> (0x00000000eab15108) 
thrown [s\src\hotspot\share\interpreter\interpreterRuntime.cpp, line 428]
Event: 59.401 Thread 0x000001d45746fce0 Implicit null exception at 0x000001d448238db4 to 0x000001d4482391dc
Event: 59.405 Thread 0x000001d45746fce0 Implicit null exception at 0x000001d4480230f4 to 0x000001d448023928
Event: 61.556 Thread 0x000001d45746fce0 Exception <a 'sun/nio/fs/WindowsException'{0x00000000eab63dd0}> (0x00000000eab63dd0) 
thrown [s\src\hotspot\share\prims\jni.cpp, line 516]
Event: 62.575 Thread 0x000001d45746fce0 Exception <a 'sun/nio/fs/WindowsException'{0x00000000eab32a50}> (0x00000000eab32a50) 
thrown [s\src\hotspot\share\prims\jni.cpp, line 516]

VM Operations (20 events):
Event: 62.481 Executing VM operation: ParallelGCFailedAllocation
Event: 62.483 Executing VM operation: ParallelGCFailedAllocation done
Event: 62.593 Executing VM operation: ParallelGCFailedAllocation
Event: 62.598 Executing VM operation: ParallelGCFailedAllocation done
Event: 62.625 Executing VM operation: ParallelGCFailedAllocation
Event: 62.626 Executing VM operation: ParallelGCFailedAllocation done
Event: 64.307 Executing VM operation: ParallelGCFailedAllocation
Event: 64.308 Executing VM operation: ParallelGCFailedAllocation done
Event: 64.409 Executing VM operation: ParallelGCFailedAllocation
Event: 64.411 Executing VM operation: ParallelGCFailedAllocation done
Event: 64.425 Executing VM operation: ParallelGCFailedAllocation
Event: 64.427 Executing VM operation: ParallelGCFailedAllocation done
Event: 64.438 Executing VM operation: ParallelGCFailedAllocation
Event: 64.439 Executing VM operation: ParallelGCFailedAllocation done
Event: 64.452 Executing VM operation: ParallelGCFailedAllocation
Event: 64.454 Executing VM operation: ParallelGCFailedAllocation done
Event: 64.465 Executing VM operation: ParallelGCFailedAllocation
Event: 64.469 Executing VM operation: ParallelGCFailedAllocation done
Event: 64.830 Executing VM operation: ParallelGCFailedAllocation
Event: 64.833 Executing VM operation: ParallelGCFailedAllocation done

Events (20 events):
Event: 57.410 Thread 0x000001d4591be010 Thread added: 0x000001d4591be010
Event: 57.663 Thread 0x000001d4591be010 Thread exited: 0x000001d4591be010
Event: 59.331 Thread 0x000001d457e92ee0 Thread added: 0x000001d457e92ee0
Event: 59.440 loading class java/util/stream/ReduceOps$2
Event: 59.440 loading class java/util/stream/ReduceOps$2 done
Event: 59.440 loading class java/util/stream/ReduceOps$2ReducingSink
Event: 59.440 loading class java/util/stream/ReduceOps$2ReducingSink done
Event: 59.625 loading class jdk/internal/module/IllegalAccessLogger
Event: 59.625 loading class jdk/internal/module/IllegalAccessLogger done
Event: 59.626 Thread 0x000001d459400f40 Thread added: 0x000001d459400f40
Event: 59.664 Thread 0x000001d459400f40 Thread exited: 0x000001d459400f40
Event: 59.802 Thread 0x000001d457e92ee0 Thread exited: 0x000001d457e92ee0
Event: 59.883 loading class java/nio/BufferMismatch
Event: 59.883 loading class java/nio/BufferMismatch done
Event: 61.806 loading class jdk/internal/module/IllegalAccessLogger
Event: 61.806 loading class jdk/internal/module/IllegalAccessLogger done
Event: 61.807 Thread 0x000001d4593ff0e0 Thread added: 0x000001d4593ff0e0
Event: 61.836 Thread 0x000001d4593ff0e0 Thread exited: 0x000001d4593ff0e0
Event: 61.866 loading class java/lang/invoke/MethodHandleImpl$CountingWrapper$1
Event: 61.873 loading class java/lang/invoke/MethodHandleImpl$CountingWrapper$1 done


Dynamic libraries:
0x00007ff6d7d30000 - 0x00007ff6d7d3e000 	c:\Users\srbec\.vscode\extensions\redhat.java-1.23.0-win32-x64\jre\17.0.8.1-win32-x86_64\bin\java.exe
0x00007ffa35370000 - 0x00007ffa35587000 	C:\Windows\SYSTEM32\ntdll.dll
0x00007ffa34130000 - 0x00007ffa341f4000 	C:\Windows\System32\KERNEL32.DLL
0x00007ffa32af0000 - 0x00007ffa32e96000 	C:\Windows\System32\KERNELBASE.dll
0x00007ffa328b0000 - 0x00007ffa329c1000 	C:\Windows\System32\ucrtbase.dll
0x00007ffa08250000 - 0x00007ffa08267000 	c:\Users\srbec\.vscode\extensions\redhat.java-1.23.0-win32-x64\jre\17.0.8.1-win32-x86_64\bin\jli.dll
0x00007ffa34df0000 - 0x00007ffa34f9d000 	C:\Windows\System32\USER32.dll
0x00007ffa32880000 - 0x00007ffa328a6000 	C:\Windows\System32\win32u.dll
0x00007ffa34bb0000 - 0x00007ffa34bd9000 	C:\Windows\System32\GDI32.dll
0x00007ffa329d0000 - 0x00007ffa32ae8000 	C:\Windows\System32\gdi32full.dll
0x00007ffa326f0000 - 0x00007ffa3278a000 	C:\Windows\System32\msvcp_win.dll
0x00007ffa08230000 - 0x00007ffa08249000 	c:\Users\srbec\.vscode\extensions\redhat.java-1.23.0-win32-x64\jre\17.0.8.1-win32-x86_64\bin\VCRUNTIME140.dll
0x00007ffa1f960000 - 0x00007ffa1fbf3000 	C:\Windows\WinSxS\amd64_microsoft.windows.common-controls_6595b64144ccf1df_6.0.22621.2361_none_2712ced57382f843\COMCTL32.dll
0x00007ffa33ea0000 - 0x00007ffa33f47000 	C:\Windows\System32\msvcrt.dll
0x00007ffa34200000 - 0x00007ffa34231000 	C:\Windows\System32\IMM32.DLL
0x00007ffa1e350000 - 0x00007ffa1e35c000 	c:\Users\srbec\.vscode\extensions\redhat.java-1.23.0-win32-x64\jre\17.0.8.1-win32-x86_64\bin\vcruntime140_1.dll
0x00007ff9e63e0000 - 0x00007ff9e6471000 	c:\Users\srbec\.vscode\extensions\redhat.java-1.23.0-win32-x64\jre\17.0.8.1-win32-x86_64\bin\msvcp140.dll
0x00007ff9b10a0000 - 0x00007ff9b1cec000 	c:\Users\srbec\.vscode\extensions\redhat.java-1.23.0-win32-x64\jre\17.0.8.1-win32-x86_64\bin\server\jvm.dll
0x00007ffa342a0000 - 0x00007ffa34350000 	C:\Windows\System32\ADVAPI32.dll
0x00007ffa345e0000 - 0x00007ffa34686000 	C:\Windows\System32\sechost.dll
0x00007ffa34690000 - 0x00007ffa347a7000 	C:\Windows\System32\RPCRT4.dll
0x00007ffa31580000 - 0x00007ffa315cd000 	C:\Windows\SYSTEM32\POWRPROF.dll
0x00007ffa24ec0000 - 0x00007ffa24ec9000 	C:\Windows\SYSTEM32\WSOCK32.dll
0x00007ffa330d0000 - 0x00007ffa33141000 	C:\Windows\System32\WS2_32.dll
0x00007ffa234b0000 - 0x00007ffa234e4000 	C:\Windows\SYSTEM32\WINMM.dll
0x00007ffa26490000 - 0x00007ffa2649a000 	C:\Windows\SYSTEM32\VERSION.dll
0x00007ffa31560000 - 0x00007ffa31573000 	C:\Windows\SYSTEM32\UMPDC.dll
0x00007ffa31820000 - 0x00007ffa31838000 	C:\Windows\SYSTEM32\kernel.appcore.dll
0x00007ffa18810000 - 0x00007ffa1881a000 	c:\Users\srbec\.vscode\extensions\redhat.java-1.23.0-win32-x64\jre\17.0.8.1-win32-x86_64\bin\jimage.dll
0x00007ffa30080000 - 0x00007ffa302ae000 	C:\Windows\SYSTEM32\DBGHELP.DLL
0x00007ffa34fa0000 - 0x00007ffa3532a000 	C:\Windows\System32\combase.dll
0x00007ffa347b0000 - 0x00007ffa34887000 	C:\Windows\System32\OLEAUT32.dll
0x00007ffa25ab0000 - 0x00007ffa25ae2000 	C:\Windows\SYSTEM32\dbgcore.DLL
0x00007ffa32800000 - 0x00007ffa3287a000 	C:\Windows\System32\bcryptPrimitives.dll
0x00007ffa16180000 - 0x00007ffa1618e000 	c:\Users\srbec\.vscode\extensions\redhat.java-1.23.0-win32-x64\jre\17.0.8.1-win32-x86_64\bin\instrument.dll
0x00007ffa080d0000 - 0x00007ffa080f5000 	c:\Users\srbec\.vscode\extensions\redhat.java-1.23.0-win32-x64\jre\17.0.8.1-win32-x86_64\bin\java.dll
0x00007ffa080b0000 - 0x00007ffa080c8000 	c:\Users\srbec\.vscode\extensions\redhat.java-1.23.0-win32-x64\jre\17.0.8.1-win32-x86_64\bin\zip.dll
0x00007ffa33640000 - 0x00007ffa33e98000 	C:\Windows\System32\SHELL32.dll
0x00007ffa30650000 - 0x00007ffa30f42000 	C:\Windows\SYSTEM32\windows.storage.dll
0x00007ffa30510000 - 0x00007ffa3064e000 	C:\Windows\SYSTEM32\wintypes.dll
0x00007ffa348b0000 - 0x00007ffa349a3000 	C:\Windows\System32\SHCORE.dll
0x00007ffa34240000 - 0x00007ffa3429e000 	C:\Windows\System32\shlwapi.dll
0x00007ffa32620000 - 0x00007ffa32646000 	C:\Windows\SYSTEM32\profapi.dll
0x00007ffa08030000 - 0x00007ffa08049000 	C:\Users\srbec\.vscode\extensions\redhat.java-1.23.0-win32-x64\jre\17.0.8.1-win32-x86_64\bin\net.dll
0x00007ffa29ab0000 - 0x00007ffa29be7000 	C:\Windows\SYSTEM32\WINHTTP.dll
0x00007ffa31ca0000 - 0x00007ffa31d09000 	C:\Windows\system32\mswsock.dll
0x00007ffa08010000 - 0x00007ffa08025000 	C:\Users\srbec\.vscode\extensions\redhat.java-1.23.0-win32-x64\jre\17.0.8.1-win32-x86_64\bin\nio.dll
0x00007ffa14930000 - 0x00007ffa14940000 	c:\Users\srbec\.vscode\extensions\redhat.java-1.23.0-win32-x64\jre\17.0.8.1-win32-x86_64\bin\verify.dll
0x00007ff9fb700000 - 0x00007ff9fb73e000 	C:\Users\srbec\AppData\Roaming\Code\User\globalStorage\redhat.java\1.23.0\config_win\org.eclipse.equinox.launcher\org.eclipse.equinox.launcher.win32.win32.x86_64_1.2.700.v20221108-1024\eclipse_11801.dll
0x00007ffa34420000 - 0x00007ffa345bf000 	C:\Windows\System32\ole32.dll
0x00007ffa31ef0000 - 0x00007ffa31f0b000 	C:\Windows\SYSTEM32\CRYPTSP.dll
0x00007ffa31780000 - 0x00007ffa317b5000 	C:\Windows\system32\rsaenh.dll
0x00007ffa31d90000 - 0x00007ffa31dbc000 	C:\Windows\SYSTEM32\USERENV.dll
0x00007ffa320b0000 - 0x00007ffa320d8000 	C:\Windows\SYSTEM32\bcrypt.dll
0x00007ffa31f10000 - 0x00007ffa31f1c000 	C:\Windows\SYSTEM32\CRYPTBASE.dll
0x00007ffa31220000 - 0x00007ffa3124d000 	C:\Windows\SYSTEM32\IPHLPAPI.DLL
0x00007ffa345d0000 - 0x00007ffa345d9000 	C:\Windows\System32\NSI.dll
0x00007ffa286c0000 - 0x00007ffa286d9000 	C:\Windows\SYSTEM32\dhcpcsvc6.DLL
0x00007ffa28610000 - 0x00007ffa2862f000 	C:\Windows\SYSTEM32\dhcpcsvc.DLL
0x00007ffa31250000 - 0x00007ffa31349000 	C:\Windows\SYSTEM32\DNSAPI.dll
0x00007ff9f1cf0000 - 0x00007ff9f1d35000 	C:\Users\srbec\AppData\Local\Temp\jna-109698497\jna16356151046930022734.dll
0x00007ffa345c0000 - 0x00007ffa345c8000 	C:\Windows\System32\PSAPI.DLL

dbghelp: loaded successfully - version: 4.0.5 - missing functions: none
symbol engine: initialized successfully - sym options: 0x614 - pdb path: .;c:\Users\srbec\.vscode\extensions\redhat.java-1.23.0-win32-x64\jre\17.0.8.1-win32-x86_64\bin;C:\Windows\SYSTEM32;C:\Windows\WinSxS\amd64_microsoft.windows.common-controls_6595b64144ccf1df_6.0.22621.2361_none_2712ced57382f843;c:\Users\srbec\.vscode\extensions\redhat.java-1.23.0-win32-x64\jre\17.0.8.1-win32-x86_64\bin\server;C:\Users\srbec\AppData\Roaming\Code\User\globalStorage\redhat.java\1.23.0\config_win\org.eclipse.equinox.launcher\org.eclipse.equinox.launcher.win32.win32.x86_64_1.2.700.v20221108-1024;C:\Users\srbec\AppData\Local\Temp\jna-109698497

VM Arguments:
jvm_args: --add-modules=ALL-SYSTEM --add-opens=java.base/java.util=ALL-UNNAMED --add-opens=java.base/java.lang=ALL-UNNAMED --add-opens=java.base/sun.nio.fs=ALL-UNNAMED -Declipse.application=org.eclipse.jdt.ls.core.id1 -Dosgi.bundles.defaultStartLevel=4 -Declipse.product=org.eclipse.jdt.ls.core.product -Djava.import.generatesMetadataFilesAtProjectRoot=false -DDetectVMInstallationsJob.disabled=true -Dfile.encoding=utf8 -XX:+UseParallelGC -XX:GCTimeRatio=4 -XX:AdaptiveSizePolicyWeight=90 -Dsun.zip.disableMemoryMapping=true -Xmx1G -Xms100m -Xlog:disable -javaagent:c:\Users\srbec\.vscode\extensions\redhat.java-1.23.0-win32-x64\lombok\lombok-1.18.30.jar -XX:+HeapDumpOnOutOfMemoryError -XX:HeapDumpPath=c:\Users\srbec\AppData\Roaming\Code\User\workspaceStorage\d1599a90f0b4e815a88c1fa30ab3333f\redhat.java -Daether.dependencyCollector.impl=bf 
java_command: c:\Users\srbec\.vscode\extensions\redhat.java-1.23.0-win32-x64\server\plugins\org.eclipse.equinox.launcher_1.6.500.v20230717-2134.jar -configuration c:\Users\srbec\AppData\Roaming\Code\User\globalStorage\redhat.java\1.23.0\config_win -data c:\Users\srbec\AppData\Roaming\Code\User\workspaceStorage\d1599a90f0b4e815a88c1fa30ab3333f\redhat.java\jdt_ws
java_class_path (initial): c:\Users\srbec\.vscode\extensions\redhat.java-1.23.0-win32-x64\server\plugins\org.eclipse.equinox.launcher_1.6.500.v20230717-2134.jar
Launcher Type: SUN_STANDARD

[Global flags]
    uintx AdaptiveSizePolicyWeight                 = 90                                        {product} {command line}
     intx CICompilerCount                          = 3                                         {product} {ergonomic}
    uintx GCTimeRatio                              = 4                                         {product} {command line}
     bool HeapDumpOnOutOfMemoryError               = true                                   {manageable} {command line}
    ccstr HeapDumpPath                             = c:\Users\srbec\AppData\Roaming\Code\User\workspaceStorage\d1599a90f0b4e815a88c1fa30ab3333f\redhat.java         {manageable} {command line}
   size_t InitialHeapSize                          = 104857600                                 {product} {command line}
   size_t MaxHeapSize                              = 1073741824                                {product} {command line}
   size_t MaxNewSize                               = 357564416                                 {product} {ergonomic}
   size_t MinHeapDeltaBytes                        = 524288                                    {product} {ergonomic}
   size_t MinHeapSize                              = 104857600                                 {product} {command line}
   size_t NewSize                                  = 34603008                                  {product} {ergonomic}
    uintx NonNMethodCodeHeapSize                   = 5832780                                {pd product} {ergonomic}
    uintx NonProfiledCodeHeapSize                  = 122912730                              {pd product} {ergonomic}
   size_t OldSize                                  = 70254592                                  {product} {ergonomic}
    uintx ProfiledCodeHeapSize                     = 122912730                              {pd product} {ergonomic}
    uintx ReservedCodeCacheSize                    = 251658240                              {pd product} {ergonomic}
     bool SegmentedCodeCache                       = true                                      {product} {ergonomic}
   size_t SoftMaxHeapSize                          = 1073741824                             {manageable} {ergonomic}
     bool UseCompressedClassPointers               = true                           {product lp64_product} {ergonomic}
     bool UseCompressedOops                        = true                           {product lp64_product} {ergonomic}
     bool UseLargePagesIndividualAllocation        = false                                  {pd product} {ergonomic}
     bool UseParallelGC                            = true                                      {product} {command line}

Logging:
Log output configuration:
 #0: stdout all=off uptime,level,tags
 #1: stderr all=off uptime,level,tags

Environment Variables:
JAVA_HOME=C:\Program Files\Java\jdk-17
PATH=C:\Program Files\Common Files\Oracle\Java\javapath;C:\Program Files (x86)\Common Files\Oracle\Java\javapath;C:\Windows\system32;C:\Windows;C:\Windows\System32\Wbem;C:\Windows\System32\OpenSSH\;C:\ProgramData\UNIVALI\Portugol Studio;C:\Program Files\nodejs\;C:\ProgramData\chocolatey\bin;C:\Program Files\PowerShell\7\;%JAVA_HOME%bin;C:\Windows\System32\WindowsPowerShell\v1.0\;C:\apache-maven-3.9.5\bin;C:\Users\srbec\AppData\Local\Programs\Python\Python311\Scripts\;C:\Users\srbec\AppData\Local\Programs\Python\Python311\;C:\Users\srbec\AppData\Local\Microsoft\WindowsApps;C:\Users\srbec\AppData\Local\Programs\Microsoft VS Code\bin;C:\Users\srbec\AppData\Roaming\npm;C:\MinGW\bin;C:\Users\srbec\Downloads\apache-maven-3.9.5-bin;
USERNAME=srbec
OS=Windows_NT
PROCESSOR_IDENTIFIER=Intel64 Family 6 Model 140 Stepping 1, GenuineIntel
TMP=C:\Users\srbec\AppData\Local\Temp
TEMP=C:\Users\srbec\AppData\Local\Temp



---------------  S Y S T E M  ---------------

OS:
 Windows 11 , 64 bit Build 22621 (10.0.22621.2428)
OS uptime: 2 days 0:07 hours

CPU: total 4 (initial active 4) (2 cores per cpu, 2 threads per core) family 6 model 140 stepping 1 microcode 0x8a, cx8, cmov, fxsr, ht, mmx, 3dnowpref, sse, sse2, sse3, ssse3, sse4.1, sse4.2, popcnt, lzcnt, tsc, tscinvbit, avx, avx2, aes, erms, clmul, bmi1, bmi2, adx, avx512f, avx512dq, avx512cd, avx512bw, avx512vl, sha, fma, vzeroupper, avx512_vpopcntdq, avx512_vpclmulqdq, avx512_vaes, avx512_vnni, clflush, clflushopt, clwb, avx512_vbmi2, avx512_vbmi
Processor Information for all 4 processors :
  Max Mhz: 2995, Current Mhz: 2995, Mhz Limit: 2995

Memory: 4k page, system-wide physical 3819M (72M free)
TotalPageFile size 15595M (AvailPageFile size 3M)
current process WorkingSet (physical memory assigned to process): 309M, peak: 334M
current process commit charge ("private bytes"): 415M, peak: 946M

vm_info: OpenJDK 64-Bit Server VM (17.0.8.1+1) for windows-amd64 JRE (17.0.8.1+1), built on Aug 23 2023 15:29:17 by "admin" with MS VC++ 16.7 (VS2019)

END.
